C51 COMPILER V9.60.0.0   INTERRUPTS                                                        12/05/2025 12:28:15 PAGE 1   


C51 COMPILER V9.60.0.0, COMPILATION OF MODULE INTERRUPTS
OBJECT MODULE PLACED IN .\src/Interrupts.OBJ
COMPILER INVOKED BY: Z:\home\onachman\SimplicityStudio5\SimplicityStudio_v5\developer\toolchains\keil_8051\9.60\BIN\C51 
                    -/home/onachman/SimplicityStudio/v5_workspace/myProject_33/src/Interrupts.c OMF2 SMALL DEBUG OBJECTEXTEND ROM(LARGE) WARN
                    -INGLEVEL(2) FLOATFUZZY(3) OPTIMIZE(8,SPEED) DEFINE(DEBUG=1) INTVECTOR(0X0000) INTPROMOTE INCDIR(/home/onachman/Simplicit
                    -yStudio/v5_workspace/myProject_33/inc;/home/onachman/SimplicityStudio5/SimplicityStudio_v5/developer/sdks/8051/v4.3.1//D
                    -evice/shared/si8051Base;/home/onachman/SimplicityStudio5/SimplicityStudio_v5/developer/sdks/8051/v4.3.1//Device/EFM8UB2/
                    -inc) PRINT(.\src/Interrupts.lst) COND PAGEWIDTH(120) PAGELENGTH(65) OBJECT(.\src/Interrupts.OBJ)

line level    source

   1          
   2          // USER INCLUDES
   3          #include "SI_EFM8UB2_Register_Enums.h"
   4          #include "InitDevice.h"
   5          
   6          //-----------------------------------------------------------------------------
   7          // TIMER0_ISR
   8          //-----------------------------------------------------------------------------
   9          //
  10          // TIMER0 ISR Content goes here. Remember to clear flag bits:
  11          // TCON::TF0 (Timer 0 Overflow Flag)
  12          //
  13          //-----------------------------------------------------------------------------
  14          SI_INTERRUPT (TIMER0_ISR, TIMER0_IRQn)
  15          {
  16   1          // איפוס דגל הפסיקה של טיימר 0
  17   1          TCON &= ~TCON_TF0__BMASK;  // או פשוט: TF0 = 0;
  18   1      
  19   1          // P2.6 שינוי מצב הפין
  20   1          P2 ^= 0x40;
  21   1      }
  22          
  23          SI_INTERRUPT (TIMER1_ISR, TIMER1_IRQn)
  24          {
  25   1          // איפוס דגל הפסיקה של טיימר 1
  26   1          TCON &= ~TCON_TF1__BMASK;  // או פשוט: TF1 = 0;
  27   1      
  28   1          // P2.7 שינוי מצב הפין
  29   1          P2 ^= 0x80;
  30   1      }


MODULE INFORMATION:   STATIC OVERLAYABLE
   CODE SIZE        =     20    ----
   CONSTANT SIZE    =   ----    ----
   XDATA SIZE       =   ----    ----
   PDATA SIZE       =   ----    ----
   DATA SIZE        =   ----    ----
   IDATA SIZE       =   ----    ----
   BIT SIZE         =   ----    ----
   EDATA SIZE       =   ----    ----
   HDATA SIZE       =   ----    ----
   XDATA CONST SIZE =   ----    ----
   FAR CONST SIZE   =   ----    ----
END OF MODULE INFORMATION.


C51 COMPILATION COMPLETE.  0 WARNING(S),  0 ERROR(S)
