C51 COMPILER V9.60.0.0   MYPROJECT_3_MAIN                                                  12/05/2025 12:28:15 PAGE 1   


C51 COMPILER V9.60.0.0, COMPILATION OF MODULE MYPROJECT_3_MAIN
OBJECT MODULE PLACED IN .\src/myProject_3_main.OBJ
COMPILER INVOKED BY: Z:\home\onachman\SimplicityStudio5\SimplicityStudio_v5\developer\toolchains\keil_8051\9.60\BIN\C51 
                    -/home/onachman/SimplicityStudio/v5_workspace/myProject_33/src/myProject_3_main.c OMF2 SMALL DEBUG OBJECTEXTEND ROM(LARGE
                    -) WARNINGLEVEL(2) FLOATFUZZY(3) OPTIMIZE(8,SPEED) DEFINE(DEBUG=1) INTVECTOR(0X0000) INTPROMOTE INCDIR(/home/onachman/Sim
                    -plicityStudio/v5_workspace/myProject_33/inc;/home/onachman/SimplicityStudio5/SimplicityStudio_v5/developer/sdks/8051/v4.
                    -3.1//Device/shared/si8051Base;/home/onachman/SimplicityStudio5/SimplicityStudio_v5/developer/sdks/8051/v4.3.1//Device/EF
                    -M8UB2/inc) PRINT(.\src/myProject_3_main.lst) COND PAGEWIDTH(120) PAGELENGTH(65) OBJECT(.\src/myProject_3_main.OBJ)

line level    source

   1          #include "SI_EFM8UB2_Register_Enums.h"
   2          #include "InitDevice.h"
   3          
   4          //
   5          // Bit-addressable definitions
   6          // ----------------------------------------------------
   7          sbit OUT0 = P2^6;    // Output for Timer0 (P2.6)
   8          sbit OUT1 = P2^7;    // Output for Timer1 (P2.7)
   9          
  10          // Timer0 bits in TCON
  11          sbit TF0 = TCON^5;   // Timer0 overflow flag
  12          sbit TR0 = TCON^4;   // Timer0 run control
  13          
  14          // Timer1 bits in TCON
  15          sbit TF1 = TCON^7;   // Timer1 overflow flag
  16          sbit TR1 = TCON^6;   // Timer1 run control
  17          
  18          // ----------------------------------------------------
  19          // Startup (empty)
  20          // ----------------------------------------------------
  21          void SiLabs_Startup (void)
  22          {
  23   1          // No startup code required
  24   1      }
  25          
  26          // ----------------------------------------------------
  27          // MAIN
  28          // ----------------------------------------------------
  29          void main(void)
  30          {
  31   1          // Initialize hardware from .hwconf
  32   1          enter_DefaultMode_from_RESET();
  33   1      
  34   1          // Clear outputs
  35   1          OUT0 = 0;   // P2.6 start low
  36   1          OUT1 = 0;   // P2.7 start low
  37   1      
  38   1          // ------------------------------------------------
  39   1          // Load Timer1 reload values (calculated)
  40   1          // ------------------------------------------------
  41   1          TH1 = 0xFD;     // High byte
  42   1          TL1 = 0x12;     // Low byte
  43   1      
  44   1          // Enable interrupts
  45   1          IE_EA = 1;      // Global interrupt enable
  46   1          IE_ET0 = 1;     // Enable Timer0 interrupt
  47   1          IE_ET1 = 1;     // Enable Timer1 interrupt
  48   1      
  49   1          // Start timers
  50   1          TR0 = 1;        // Start Timer0
  51   1          TR1 = 1;        // Start Timer1
C51 COMPILER V9.60.0.0   MYPROJECT_3_MAIN                                                  12/05/2025 12:28:15 PAGE 2   

  52   1      
  53   1          while (1)
  54   1          {
  55   2              // Work done in interrupts
  56   2          }
  57   1      }
  58          


MODULE INFORMATION:   STATIC OVERLAYABLE
   CODE SIZE        =     26    ----
   CONSTANT SIZE    =   ----    ----
   XDATA SIZE       =   ----    ----
   PDATA SIZE       =   ----    ----
   DATA SIZE        =   ----    ----
   IDATA SIZE       =   ----    ----
   BIT SIZE         =   ----    ----
   EDATA SIZE       =   ----    ----
   HDATA SIZE       =   ----    ----
   XDATA CONST SIZE =   ----    ----
   FAR CONST SIZE   =   ----    ----
END OF MODULE INFORMATION.


C51 COMPILATION COMPLETE.  0 WARNING(S),  0 ERROR(S)
