C51 COMPILER V9.60.0.0   INITDEVICE                                                        12/05/2025 11:24:46 PAGE 1   


C51 COMPILER V9.60.0.0, COMPILATION OF MODULE INITDEVICE
OBJECT MODULE PLACED IN .\src/InitDevice.OBJ
COMPILER INVOKED BY: Z:\home\onachman\SimplicityStudio5\SimplicityStudio_v5\developer\toolchains\keil_8051\9.60\BIN\C51 
                    -/home/onachman/SimplicityStudio/v5_workspace/myProject_6/src/InitDevice.c OMF2 SMALL DEBUG OBJECTEXTEND ROM(LARGE) WARNI
                    -NGLEVEL(2) FLOATFUZZY(3) OPTIMIZE(8,SPEED) DEFINE(DEBUG=1) INTVECTOR(0X0000) INTPROMOTE INCDIR(/home/onachman/Simplicity
                    -Studio/v5_workspace/myProject_6/inc;/home/onachman/SimplicityStudio5/SimplicityStudio_v5/developer/sdks/8051/v4.3.1//Dev
                    -ice/shared/si8051Base;/home/onachman/SimplicityStudio5/SimplicityStudio_v5/developer/sdks/8051/v4.3.1//Device/EFM8UB2/in
                    -c) PRINT(.\src/InitDevice.lst) COND PAGEWIDTH(120) PAGELENGTH(65) OBJECT(.\src/InitDevice.OBJ)

line level    source

   1          //=========================================================
   2          // src/InitDevice.c: generated by Hardware Configurator
   3          //
   4          // This file will be regenerated when saving a document.
   5          // leave the sections inside the "$[...]" comment tags alone
   6          // or they will be overwritten!
   7          //=========================================================
   8          
   9          // USER INCLUDES
  10          #include <SI_EFM8UB2_Register_Enums.h>
  11          #include "InitDevice.h"
  12          
  13          // USER PROTOTYPES
  14          // USER FUNCTIONS
  15          
  16          // $[Library Includes]
  17          // [Library Includes]$
  18          
  19          //==============================================================================
  20          // enter_DefaultMode_from_RESET
  21          //==============================================================================
  22          extern void
  23          enter_DefaultMode_from_RESET (void)
  24          {
  25   1        // $[Config Calls]
  26   1        // Save the SFRPAGE
  27   1        uint8_t SFRPAGE_save = SFRPAGE;
  28   1        PCA_0_enter_DefaultMode_from_RESET ();
  29   1        PCACH_4_enter_DefaultMode_from_RESET ();
  30   1        PORTS_1_enter_DefaultMode_from_RESET ();
  31   1        PORTS_2_enter_DefaultMode_from_RESET ();
  32   1        PBCFG_0_enter_DefaultMode_from_RESET ();
  33   1        TIMER_SETUP_0_enter_DefaultMode_from_RESET ();
  34   1        // Restore the SFRPAGE
  35   1        SFRPAGE = SFRPAGE_save;
  36   1        // [Config Calls]$
  37   1      
  38   1      }
  39          
  40          extern void
  41          PCA_0_enter_DefaultMode_from_RESET (void)
  42          {
  43   1        // $[PCA0MD - PCA Mode]
  44   1        /***********************************************************************
  45   1         - Disable Watchdog Timer
  46   1         - System clock divided by 12
  47   1         - PCA continues to function normally while the system controller is in
  48   1         Idle Mode
  49   1         - Disable the CF interrupt
  50   1         - Disable Watchdog Timer
  51   1         - Watchdog Timer Enable unlocked
C51 COMPILER V9.60.0.0   INITDEVICE                                                        12/05/2025 11:24:46 PAGE 2   

  52   1         ***********************************************************************/
  53   1        SFRPAGE = 0x00;
  54   1        PCA0MD &= ~PCA0MD_WDTE__BMASK;
  55   1        PCA0MD = PCA0MD_CPS__SYSCLK_DIV_12 | PCA0MD_CIDL__NORMAL
  56   1            | PCA0MD_ECF__OVF_INT_DISABLED | PCA0MD_WDTE__DISABLED
  57   1            | PCA0MD_WDLCK__UNLOCKED;
  58   1        // [PCA0MD - PCA Mode]$
  59   1      
  60   1        // $[PCA0H - PCA Counter/Timer High Byte]
  61   1        // [PCA0H - PCA Counter/Timer High Byte]$
  62   1      
  63   1        // $[PCA0L - PCA Counter/Timer Low Byte]
  64   1        // [PCA0L - PCA Counter/Timer Low Byte]$
  65   1      
  66   1        // $[PCA0CN0 - PCA Control 0]
  67   1        // [PCA0CN0 - PCA Control 0]$
  68   1      
  69   1      }
  70          
  71          extern void
  72          PCACH_4_enter_DefaultMode_from_RESET (void)
  73          {
  74   1        // $[PCA0CPM4 - PCA Channel 4 Capture/Compare Mode]
  75   1        /***********************************************************************
  76   1         - Disable negative edge capture
  77   1         - Disable CCF4 interrupts
  78   1         - Enable match function
  79   1         - 8-bit PWM selected
  80   1         - Disable positive edge capture
  81   1         - Disable comparator function
  82   1         - Disable PWM function
  83   1         - Disable toggle function
  84   1         ***********************************************************************/
  85   1        PCA0CPM4 = PCA0CPM4_CAPN__DISABLED | PCA0CPM4_ECCF__DISABLED
  86   1            | PCA0CPM4_MAT__ENABLED | PCA0CPM4_PWM16__8_BIT | PCA0CPM4_CAPP__DISABLED
  87   1            | PCA0CPM4_ECOM__DISABLED | PCA0CPM4_PWM__DISABLED
  88   1            | PCA0CPM4_TOG__DISABLED;
  89   1        // [PCA0CPM4 - PCA Channel 4 Capture/Compare Mode]$
  90   1      
  91   1        // $[PCA0CPL4 - PCA Channel 4 Capture Module Low Byte]
  92   1        // [PCA0CPL4 - PCA Channel 4 Capture Module Low Byte]$
  93   1      
  94   1        // $[PCA0CPH4 - PCA Channel 4 Capture Module High Byte]
  95   1        PCA0CPH4 = 0x00;
  96   1        // [PCA0CPH4 - PCA Channel 4 Capture Module High Byte]$
  97   1      
  98   1        // $[PCA0 Start/Run restore]
  99   1        // [PCA0 Start/Run restore]$
 100   1      
 101   1      }
 102          
 103          extern void
 104          PORTS_1_enter_DefaultMode_from_RESET (void)
 105          {
 106   1        // $[P1 - Port 1 Pin Latch]
 107   1        // [P1 - Port 1 Pin Latch]$
 108   1      
 109   1        // $[P1MDOUT - Port 1 Output Mode]
 110   1        // [P1MDOUT - Port 1 Output Mode]$
 111   1      
 112   1        // $[P1MDIN - Port 1 Input Mode]
 113   1        /***********************************************************************
 114   1         - P1.0 pin is configured for digital mode
C51 COMPILER V9.60.0.0   INITDEVICE                                                        12/05/2025 11:24:46 PAGE 3   

 115   1         - P1.1 pin is configured for digital mode
 116   1         - P1.2 pin is configured for digital mode
 117   1         - P1.3 pin is configured for digital mode
 118   1         - P1.4 pin is configured for digital mode
 119   1         - P1.5 pin is configured for analog mode
 120   1         - P1.6 pin is configured for digital mode
 121   1         - P1.7 pin is configured for digital mode
 122   1         ***********************************************************************/
 123   1        P1MDIN = P1MDIN_B0__DIGITAL | P1MDIN_B1__DIGITAL | P1MDIN_B2__DIGITAL
 124   1            | P1MDIN_B3__DIGITAL | P1MDIN_B4__DIGITAL | P1MDIN_B5__ANALOG
 125   1            | P1MDIN_B6__DIGITAL | P1MDIN_B7__DIGITAL;
 126   1        // [P1MDIN - Port 1 Input Mode]$
 127   1      
 128   1        // $[P1SKIP - Port 1 Skip]
 129   1        /***********************************************************************
 130   1         - P1.0 pin is not skipped by the crossbar
 131   1         - P1.1 pin is not skipped by the crossbar
 132   1         - P1.2 pin is not skipped by the crossbar
 133   1         - P1.3 pin is not skipped by the crossbar
 134   1         - P1.4 pin is not skipped by the crossbar
 135   1         - P1.5 pin is skipped by the crossbar
 136   1         - P1.6 pin is not skipped by the crossbar
 137   1         - P1.7 pin is not skipped by the crossbar
 138   1         ***********************************************************************/
 139   1        P1SKIP = P1SKIP_B0__NOT_SKIPPED | P1SKIP_B1__NOT_SKIPPED
 140   1            | P1SKIP_B2__NOT_SKIPPED | P1SKIP_B3__NOT_SKIPPED | P1SKIP_B4__NOT_SKIPPED
 141   1            | P1SKIP_B5__SKIPPED | P1SKIP_B6__NOT_SKIPPED | P1SKIP_B7__NOT_SKIPPED;
 142   1        // [P1SKIP - Port 1 Skip]$
 143   1      
 144   1      }
 145          
 146          extern void
 147          PBCFG_0_enter_DefaultMode_from_RESET (void)
 148          {
 149   1        // $[XBR1 - Port I/O Crossbar 1]
 150   1        /***********************************************************************
 151   1         - Weak Pullups enabled 
 152   1         - Crossbar enabled
 153   1         - All PCA I/O unavailable at Port pins
 154   1         - ECI unavailable at Port pin
 155   1         - T0 unavailable at Port pin
 156   1         - T1 unavailable at Port pin
 157   1         ***********************************************************************/
 158   1        XBR1 = XBR1_WEAKPUD__PULL_UPS_ENABLED | XBR1_XBARE__ENABLED
 159   1            | XBR1_PCA0ME__DISABLED | XBR1_ECIE__DISABLED | XBR1_T0E__DISABLED
 160   1            | XBR1_T1E__DISABLED;
 161   1        // [XBR1 - Port I/O Crossbar 1]$
 162   1      
 163   1        // $[XBR0 - Port I/O Crossbar 0]
 164   1        // [XBR0 - Port I/O Crossbar 0]$
 165   1      
 166   1        // $[XBR2 - Port I/O Crossbar 2]
 167   1        // [XBR2 - Port I/O Crossbar 2]$
 168   1      
 169   1      }
 170          
 171          extern void
 172          PORTS_2_enter_DefaultMode_from_RESET (void)
 173          {
 174   1        // $[P2 - Port 2 Pin Latch]
 175   1        // [P2 - Port 2 Pin Latch]$
 176   1      
 177   1        // $[P2MDOUT - Port 2 Output Mode]
C51 COMPILER V9.60.0.0   INITDEVICE                                                        12/05/2025 11:24:46 PAGE 4   

 178   1        /***********************************************************************
 179   1         - P2.0 output is open-drain
 180   1         - P2.1 output is open-drain
 181   1         - P2.2 output is open-drain
 182   1         - P2.3 output is open-drain
 183   1         - P2.4 output is open-drain
 184   1         - P2.5 output is open-drain
 185   1         - P2.6 output is push-pull
 186   1         - P2.7 output is open-drain
 187   1         ***********************************************************************/
 188   1        P2MDOUT = P2MDOUT_B0__OPEN_DRAIN | P2MDOUT_B1__OPEN_DRAIN
 189   1            | P2MDOUT_B2__OPEN_DRAIN | P2MDOUT_B3__OPEN_DRAIN | P2MDOUT_B4__OPEN_DRAIN
 190   1            | P2MDOUT_B5__OPEN_DRAIN | P2MDOUT_B6__PUSH_PULL | P2MDOUT_B7__OPEN_DRAIN;
 191   1        // [P2MDOUT - Port 2 Output Mode]$
 192   1      
 193   1        // $[P2MDIN - Port 2 Input Mode]
 194   1        // [P2MDIN - Port 2 Input Mode]$
 195   1      
 196   1        // $[P2SKIP - Port 2 Skip]
 197   1        // [P2SKIP - Port 2 Skip]$
 198   1      
 199   1      }
 200          
 201          extern void
 202          TIMER_SETUP_0_enter_DefaultMode_from_RESET (void)
 203          {
 204   1        // $[CKCON0 - Clock Control 0]
 205   1        /***********************************************************************
 206   1         - System clock divided by 12
 207   1         - Counter/Timer 0 uses the system clock
 208   1         - Timer 2 high byte uses the clock defined by T2XCLK in TMR2CN0
 209   1         - Timer 2 low byte uses the clock defined by T2XCLK in TMR2CN0
 210   1         - Timer 3 high byte uses the clock defined by T3XCLK in TMR3CN0
 211   1         - Timer 3 low byte uses the clock defined by T3XCLK in TMR3CN0
 212   1         - Timer 1 uses the clock defined by the prescale field, SCA
 213   1         ***********************************************************************/
 214   1        CKCON0 = CKCON0_SCA__SYSCLK_DIV_12 | CKCON0_T0M__SYSCLK
 215   1            | CKCON0_T2MH__EXTERNAL_CLOCK | CKCON0_T2ML__EXTERNAL_CLOCK
 216   1            | CKCON0_T3MH__EXTERNAL_CLOCK | CKCON0_T3ML__EXTERNAL_CLOCK
 217   1            | CKCON0_T1M__PRESCALE;
 218   1        // [CKCON0 - Clock Control 0]$
 219   1      
 220   1        // $[CKCON1 - Clock Control 1]
 221   1        // [CKCON1 - Clock Control 1]$
 222   1      
 223   1        // $[TMOD - Timer 0/1 Mode]
 224   1        /***********************************************************************
 225   1         - Mode 2, 8-bit Counter/Timer with Auto-Reload
 226   1         - Mode 0, 13-bit Counter/Timer
 227   1         - Timer Mode
 228   1         - Timer 0 enabled when TR0 = 1 irrespective of INT0 logic level
 229   1         - Timer Mode
 230   1         - Timer 1 enabled when TR1 = 1 irrespective of INT1 logic level
 231   1         ***********************************************************************/
 232   1        TMOD = TMOD_T0M__MODE2 | TMOD_T1M__MODE0 | TMOD_CT0__TIMER
 233   1            | TMOD_GATE0__DISABLED | TMOD_CT1__TIMER | TMOD_GATE1__DISABLED;
 234   1        // [TMOD - Timer 0/1 Mode]$
 235   1      
 236   1        // $[TCON - Timer 0/1 Control]
 237   1        /***********************************************************************
 238   1         - Start Timer 0 running
 239   1         ***********************************************************************/
 240   1        TCON |= TCON_TR0__RUN;
C51 COMPILER V9.60.0.0   INITDEVICE                                                        12/05/2025 11:24:46 PAGE 5   

 241   1        // [TCON - Timer 0/1 Control]$
 242   1      
 243   1      }
 244          


MODULE INFORMATION:   STATIC OVERLAYABLE
   CODE SIZE        =     66    ----
   CONSTANT SIZE    =   ----    ----
   XDATA SIZE       =   ----    ----
   PDATA SIZE       =   ----    ----
   DATA SIZE        =   ----       1
   IDATA SIZE       =   ----    ----
   BIT SIZE         =   ----    ----
   EDATA SIZE       =   ----    ----
   HDATA SIZE       =   ----    ----
   XDATA CONST SIZE =   ----    ----
   FAR CONST SIZE   =   ----    ----
END OF MODULE INFORMATION.


C51 COMPILATION COMPLETE.  0 WARNING(S),  0 ERROR(S)
