C51 COMPILER V9.60.0.0   MYPROJECT_MAIN                                                    12/05/2025 11:24:47 PAGE 1   


C51 COMPILER V9.60.0.0, COMPILATION OF MODULE MYPROJECT_MAIN
OBJECT MODULE PLACED IN .\src/myProject_main.OBJ
COMPILER INVOKED BY: Z:\home\onachman\SimplicityStudio5\SimplicityStudio_v5\developer\toolchains\keil_8051\9.60\BIN\C51 
                    -/home/onachman/SimplicityStudio/v5_workspace/myProject_6/src/myProject_main.c OMF2 SMALL DEBUG OBJECTEXTEND ROM(LARGE) W
                    -ARNINGLEVEL(2) FLOATFUZZY(3) OPTIMIZE(8,SPEED) DEFINE(DEBUG=1) INTVECTOR(0X0000) INTPROMOTE INCDIR(/home/onachman/Simpli
                    -cityStudio/v5_workspace/myProject_6/inc;/home/onachman/SimplicityStudio5/SimplicityStudio_v5/developer/sdks/8051/v4.3.1/
                    -/Device/shared/si8051Base;/home/onachman/SimplicityStudio5/SimplicityStudio_v5/developer/sdks/8051/v4.3.1//Device/EFM8UB
                    -2/inc) PRINT(.\src/myProject_main.lst) COND PAGEWIDTH(120) PAGELENGTH(65) OBJECT(.\src/myProject_main.OBJ)

line level    source

   1          #include <SI_EFM8UB2_Register_Enums.h> // SFR declarations for EFM8UB2
   2          #include "InitDevice.h"                 // Device initialization prototypes
   3          sbit OUTPIN = P2^6;                     // LED output pin connected to P2.6
   4          sbit TF0    = TCON^5;                   // Timer0 overflow flag (TF0 bit in TCON)
   5          sbit TR0    = TCON^4;                   // Timer0 run control bit (TR0 bit in TCON)
   6          //-----------------------------------------------------------------------------
   7          // SiLabs_Startup
   8          //-----------------------------------------------------------------------------
   9          // This function is called immediately after reset, before main().
  10          // It is kept empty here because all initialization is done in
  11          // enter_DefaultMode_from_RESET().
  12          //-----------------------------------------------------------------------------
  13          void SiLabs_Startup (void)
  14          {
  15   1          // No special startup code required
  16   1      }
  17          //-----------------------------------------------------------------------------
  18          // main
  19          //-----------------------------------------------------------------------------
  20          // Configure the device, start Timer0, and toggle OUTPIN (P2.6) every time
  21          // Timer0 overflows (TF0 = 1). The program runs in an infinite loop.
  22          //-----------------------------------------------------------------------------
  23          int main (void)
  24          {
  25   1          // Initialize device (clock, ports, Timer0 mode, etc.)
  26   1          enter_DefaultMode_from_RESET();
  27   1          // Load Timer0 high and low bytes with initial value
  28   1          // These values define the delay until the next overflow
  29   1          TH0 = 0xB5;
  30   1          TL0 = 0xB5;
  31   1          // Start Timer0 (set run control bit)
  32   1          TR0 = 1;
  33   1          // Main loop - poll Timer0 overflow flag
  34   1          while (1)
  35   1          {
  36   2              // Check if Timer0 overflow occurred
  37   2              if (TF0)
  38   2              {
  39   3                  // Toggle LED output on P2.6
  40   3                  OUTPIN = ~OUTPIN;
  41   3      
  42   3                  // Clear Timer0 overflow flag so we can detect the next overflow
  43   3                  TF0 = 0;
  44   3              }
  45   2          }
  46   1      }


MODULE INFORMATION:   STATIC OVERLAYABLE
   CODE SIZE        =     21    ----
   CONSTANT SIZE    =   ----    ----
C51 COMPILER V9.60.0.0   MYPROJECT_MAIN                                                    12/05/2025 11:24:47 PAGE 2   

   XDATA SIZE       =   ----    ----
   PDATA SIZE       =   ----    ----
   DATA SIZE        =   ----    ----
   IDATA SIZE       =   ----    ----
   BIT SIZE         =   ----    ----
   EDATA SIZE       =   ----    ----
   HDATA SIZE       =   ----    ----
   XDATA CONST SIZE =   ----    ----
   FAR CONST SIZE   =   ----    ----
END OF MODULE INFORMATION.


C51 COMPILATION COMPLETE.  0 WARNING(S),  0 ERROR(S)
