C51 COMPILER V9.60.0.0   INTERRUPTS                                                        12/05/2025 11:32:29 PAGE 1   


C51 COMPILER V9.60.0.0, COMPILATION OF MODULE INTERRUPTS
OBJECT MODULE PLACED IN .\src/Interrupts.OBJ
COMPILER INVOKED BY: Z:\home\onachman\SimplicityStudio5\SimplicityStudio_v5\developer\toolchains\keil_8051\9.60\BIN\C51 
                    -/home/onachman/SimplicityStudio/v5_workspace/myProject_3_2/src/Interrupts.c OMF2 SMALL DEBUG OBJECTEXTEND ROM(LARGE) WAR
                    -NINGLEVEL(2) FLOATFUZZY(3) OPTIMIZE(8,SPEED) DEFINE(DEBUG=1) INTVECTOR(0X0000) INTPROMOTE INCDIR(/home/onachman/Simplici
                    -tyStudio/v5_workspace/myProject_3_2/inc;/home/onachman/SimplicityStudio5/SimplicityStudio_v5/developer/sdks/8051/v4.3.1/
                    -/Device/shared/si8051Base;/home/onachman/SimplicityStudio5/SimplicityStudio_v5/developer/sdks/8051/v4.3.1//Device/EFM8UB
                    -2/inc) PRINT(.\src/Interrupts.lst) COND PAGEWIDTH(120) PAGELENGTH(65) OBJECT(.\src/Interrupts.OBJ)

line level    source

   1          //=========================================================
   2          // src/Interrupts.c: generated by Hardware Configurator
   3          //
   4          // This file will be regenerated when saving a document.
   5          // leave the sections inside the "$[...]" comment tags alone
   6          // or they will be overwritten!
   7          //=========================================================
   8          
   9          // USER INCLUDES
  10          #include <SI_EFM8UB2_Register_Enums.h>
  11          
  12          //-----------------------------------------------------------------------------
  13          // TIMER0_ISR
  14          //-----------------------------------------------------------------------------
  15          //
  16          // TIMER0 ISR Content goes here. Remember to clear flag bits:
  17          // TCON::TF0 (Timer 0 Overflow Flag)
  18          //
  19          //-----------------------------------------------------------------------------
  20          SI_INTERRUPT (TIMER0_ISR, TIMER0_IRQn)
  21            {
  22   1      
  23   1        }
  24          
  25          //-----------------------------------------------------------------------------
  26          // TIMER1_ISR
  27          //-----------------------------------------------------------------------------
  28          //
  29          // TIMER1 ISR Content goes here. Remember to clear flag bits:
  30          // TCON::TF1 (Timer 1 Overflow Flag)
  31          //
  32          //-----------------------------------------------------------------------------
  33          SI_INTERRUPT (TIMER1_ISR, TIMER1_IRQn)
  34            {
  35   1      
  36   1        }
  37          
  38          //-----------------------------------------------------------------------------
  39          // SMBUS0_ISR
  40          //-----------------------------------------------------------------------------
  41          //
  42          // SMBUS0 ISR Content goes here. Remember to clear flag bits:
  43          // SMB0CN0::SI (SMBus Interrupt Flag)
  44          //
  45          //-----------------------------------------------------------------------------
  46          SI_INTERRUPT (SMBUS0_ISR, SMBUS0_IRQn)
  47            {
  48   1      
  49   1        }
  50          
  51          //-----------------------------------------------------------------------------
C51 COMPILER V9.60.0.0   INTERRUPTS                                                        12/05/2025 11:32:29 PAGE 2   

  52          // ADC0WC_ISR
  53          //-----------------------------------------------------------------------------
  54          //
  55          // ADC0WC ISR Content goes here. Remember to clear flag bits:
  56          // ADC0CN0::ADWINT (Window Compare Interrupt Flag)
  57          //
  58          //-----------------------------------------------------------------------------
  59          SI_INTERRUPT (ADC0WC_ISR, ADC0WC_IRQn)
  60            {
  61   1      
  62   1        }
  63          
  64          //-----------------------------------------------------------------------------
  65          // ADC0EOC_ISR
  66          //-----------------------------------------------------------------------------
  67          //
  68          // ADC0EOC ISR Content goes here. Remember to clear flag bits:
  69          // ADC0CN0::ADINT (Conversion Complete Interrupt Flag)
  70          //
  71          //-----------------------------------------------------------------------------
  72          SI_INTERRUPT (ADC0EOC_ISR, ADC0EOC_IRQn)
  73            {
  74   1      
  75   1        }
  76          
  77          //-----------------------------------------------------------------------------
  78          // CMP0_ISR
  79          //-----------------------------------------------------------------------------
  80          //
  81          // CMP0 ISR Content goes here. Remember to clear flag bits:
  82          // CMP0CN0::CPFIF (Comparator Falling-Edge Flag)
  83          // CMP0CN0::CPRIF (Comparator Rising-Edge Flag)
  84          //
  85          //-----------------------------------------------------------------------------
  86          SI_INTERRUPT (CMP0_ISR, CMP0_IRQn)
  87            {
  88   1      
  89   1        }
  90          
  91          //-----------------------------------------------------------------------------
  92          // CMP1_ISR
  93          //-----------------------------------------------------------------------------
  94          //
  95          // CMP1 ISR Content goes here. Remember to clear flag bits:
  96          // CMP1CN0::CPFIF (Comparator Falling-Edge Flag)
  97          // CMP1CN0::CPRIF (Comparator Rising-Edge Flag)
  98          //
  99          //-----------------------------------------------------------------------------
 100          SI_INTERRUPT (CMP1_ISR, CMP1_IRQn)
 101            {
 102   1      
 103   1        }
 104          


MODULE INFORMATION:   STATIC OVERLAYABLE
   CODE SIZE        =     28    ----
   CONSTANT SIZE    =   ----    ----
   XDATA SIZE       =   ----    ----
   PDATA SIZE       =   ----    ----
   DATA SIZE        =   ----    ----
   IDATA SIZE       =   ----    ----
   BIT SIZE         =   ----    ----
C51 COMPILER V9.60.0.0   INTERRUPTS                                                        12/05/2025 11:32:29 PAGE 3   

   EDATA SIZE       =   ----    ----
   HDATA SIZE       =   ----    ----
   XDATA CONST SIZE =   ----    ----
   FAR CONST SIZE   =   ----    ----
END OF MODULE INFORMATION.


C51 COMPILATION COMPLETE.  0 WARNING(S),  0 ERROR(S)
