AX51 MACRO ASSEMBLER  MYPROJECT_2_MAIN                                                      11/07/25 10:23:57 PAGE     1


MACRO ASSEMBLER AX51 V3.15.3.0
OBJECT MODULE PLACED IN .\src\myProject_2_main.OBJ
ASSEMBLER INVOKED BY: Z:\home\onachman\SimplicityStudio5\SimplicityStudio_v5\developer\toolchains\keil_8051\9.60\BIN\AX5
                      1 /home/onachman/SimplicityStudio/v5_workspace/myProject_2/src/myProject_2_main.asm ERRORPRINT SET
                      (SMALL,SILABS_STARTUP=1) DEBUG MACRO NOMOD51 INCDIR(/home/onachman/SimplicityStudio5/SimplicityStu
                      dio_v5/developer/sdks/8051/v4.3.1//Device/shared/si8051Base;/home/onachman/SimplicityStudio5/Simpl
                      icityStudio_v5/developer/sdks/8051/v4.3.1//Device/EFM8UB2/inc) PRINT(.\src\myProject_2_main.lst) C
                      OND SYMBOLS PAGEWIDTH(120) PAGELENGTH(65) OBJECT(.\src\myProject_2_main.OBJ) 

LOC    OBJ             LINE     SOURCE

                          1     ;-----------------------------------------------------------------------------
                          2     ; Example.asm
                          3     ;----------------------------------------------------------------------------
                          4     ;  Copyright (C) 2025 Shenkar
                          5     ;  Electronics & Electrical Engineering Department
                          6     ;  All rights reserved.
                          7     ;  Owner    :  Liviu Gal & Engr.Dmitry Ryzhkov
                          8     ;  FILE NAME    :  Example.asm
                          9     ;  DATE         :  09/09/2025
                         10     ;  TARGET MCU   :  EFM8UB20F64G-A-QFP48,  EFM8UB2 SLSTK2001A
                         11     ;  DESCRIPTION  :  This program illustrates how to:
                         12     ;         - disable the watchdog timer,
                         13     ;                   - ............
                         14     ;         - ............
                         15     ;-----------------------------------------------------------------------------
                         16     ;$include (SI_EFM8UB2_Defs.inc) ; Include register definition file.
                    +1   17     ;------------------------------------------------------------------------------
                    +1   18     ; Copyright 2014 Silicon Laboratories, Inc.
                    +1   19     ; All rights reserved. This program and the accompanying materials
                    +1   20     ; are made available under the terms of the Silicon Laboratories End User
                    +1   21     ; License Agreement which accompanies this distribution, and is available at
                    +1   22     ; http://developer.silabs.com/legal/version/v11/Silicon_Labs_Software_License_Agreement.
                               txt
                    +1   23     ; Original content and implementation provided by Silicon Laboratories.
                    +1   24     ;------------------------------------------------------------------------------
                    +1   25     ;Supported Devices:
                    +1   26     ;  EFM8UB20F32G_QFN32
                    +1   27     ;  EFM8UB20F32G_QFP32
                    +1   28     ;  EFM8UB20F32G_QFP48
                    +1   29     ;  EFM8UB20F64G_QFN32
                    +1   30     ;  EFM8UB20F64G_QFP32
                    +1   31     ;  EFM8UB20F64G_QFP48
                    +1   32     
                    +1   33     ;-----------------------------------------------------------------------------
                    +1   34     ; Register Definitions
                    +1   35     ;-----------------------------------------------------------------------------
 00E0               +1   36     ACC      DATA 0E0H; Accumulator                           
 00BC               +1   37     ADC0CF   DATA 0BCH; ADC0 Configuration                    
 00E8               +1   38     ADC0CN0  DATA 0E8H; ADC0 Control                          
 00C4               +1   39     ADC0GTH  DATA 0C4H; ADC0 Greater-Than High Byte           
 00C3               +1   40     ADC0GTL  DATA 0C3H; ADC0 Greater-Than Low Byte            
 00BE               +1   41     ADC0H    DATA 0BEH; ADC0 Data Word High Byte              
 00BD               +1   42     ADC0L    DATA 0BDH; ADC0 Data Word Low Byte               
 00C6               +1   43     ADC0LTH  DATA 0C6H; ADC0 Less-Than High Byte              
 00C5               +1   44     ADC0LTL  DATA 0C5H; ADC0 Less-Than Low Byte               
 00BA               +1   45     AMX0N    DATA 0BAH; AMUX0 Negative Multiplexer Selection  
 00BB               +1   46     AMX0P    DATA 0BBH; AMUX0 Positive Multiplexer Selection  
 00F0               +1   47     B        DATA 0F0H; B Register                            
 008E               +1   48     CKCON0   DATA 08EH; Clock Control 0                       
 00E4               +1   49     CKCON1   DATA 0E4H; Clock Control 1                       
AX51 MACRO ASSEMBLER  MYPROJECT_2_MAIN                                                      11/07/25 10:23:57 PAGE     2

 00A9               +1   50     CLKSEL   DATA 0A9H; Clock Select                          
 009B               +1   51     CMP0CN0  DATA 09BH; Comparator 0 Control 0                
 009D               +1   52     CMP0MD   DATA 09DH; Comparator 0 Mode                     
 009F               +1   53     CMP0MX   DATA 09FH; Comparator 0 Multiplexer Selection    
 009A               +1   54     CMP1CN0  DATA 09AH; Comparator 1 Control 0                
 009C               +1   55     CMP1MD   DATA 09CH; Comparator 1 Mode                     
 009E               +1   56     CMP1MX   DATA 09EH; Comparator 1 Multiplexer Selection    
 0083               +1   57     DPH      DATA 083H; Data Pointer High                     
 0082               +1   58     DPL      DATA 082H; Data Pointer Low                      
 00E6               +1   59     EIE1     DATA 0E6H; Extended Interrupt Enable 1           
 00E7               +1   60     EIE2     DATA 0E7H; Extended Interrupt Enable 2           
 00F6               +1   61     EIP1     DATA 0F6H; Extended Interrupt Priority 1         
 00F7               +1   62     EIP2     DATA 0F7H; Extended Interrupt Priority 2         
 0085               +1   63     EMI0CF   DATA 085H; External Memory Configuration         
 00AA               +1   64     EMI0CN   DATA 0AAH; External Memory Interface Control     
 0084               +1   65     EMI0TC   DATA 084H; External Memory Timing Control        
 00B7               +1   66     FLKEY    DATA 0B7H; Flash Lock and Key                    
 00B6               +1   67     FLSCL    DATA 0B6H; Flash Scale                           
 00B3               +1   68     HFO0CAL  DATA 0B3H; High Frequency Oscillator Calibration 
 00B2               +1   69     HFO0CN   DATA 0B2H; High Frequency Oscillator Control     
 00A8               +1   70     IE       DATA 0A8H; Interrupt Enable                      
 00B8               +1   71     IP       DATA 0B8H; Interrupt Priority                    
 00E4               +1   72     IT01CF   DATA 0E4H; INT0/INT1 Configuration               
 0086               +1   73     LFO0CN   DATA 086H; Low Frequency Oscillator Control      
 0080               +1   74     P0       DATA 080H; Port 0 Pin Latch                      
 00F1               +1   75     P0MDIN   DATA 0F1H; Port 0 Input Mode                     
 00A4               +1   76     P0MDOUT  DATA 0A4H; Port 0 Output Mode                    
 00D4               +1   77     P0SKIP   DATA 0D4H; Port 0 Skip                           
 0090               +1   78     P1       DATA 090H; Port 1 Pin Latch                      
 00F2               +1   79     P1MDIN   DATA 0F2H; Port 1 Input Mode                     
 00A5               +1   80     P1MDOUT  DATA 0A5H; Port 1 Output Mode                    
 00D5               +1   81     P1SKIP   DATA 0D5H; Port 1 Skip                           
 00A0               +1   82     P2       DATA 0A0H; Port 2 Pin Latch                      
 00F3               +1   83     P2MDIN   DATA 0F3H; Port 2 Input Mode                     
 00A6               +1   84     P2MDOUT  DATA 0A6H; Port 2 Output Mode                    
 00D6               +1   85     P2SKIP   DATA 0D6H; Port 2 Skip                           
 00B0               +1   86     P3       DATA 0B0H; Port 3 Pin Latch                      
 00F4               +1   87     P3MDIN   DATA 0F4H; Port 3 Input Mode                     
 00A7               +1   88     P3MDOUT  DATA 0A7H; Port 3 Output Mode                    
 00DF               +1   89     P3SKIP   DATA 0DFH; Port 3 Skip                           
 00C7               +1   90     P4       DATA 0C7H; Port 4 Pin Latch                      
 00F5               +1   91     P4MDIN   DATA 0F5H; Port 4 Input Mode                     
 00AE               +1   92     P4MDOUT  DATA 0AEH; Port 4 Output Mode                    
 00D8               +1   93     PCA0CN0  DATA 0D8H; PCA Control 0                         
 00FC               +1   94     PCA0CPH0 DATA 0FCH; PCA Channel 0 Capture Module High Byte
 00EA               +1   95     PCA0CPH1 DATA 0EAH; PCA Channel 1 Capture Module High Byte
 00EC               +1   96     PCA0CPH2 DATA 0ECH; PCA Channel 2 Capture Module High Byte
 00EE               +1   97     PCA0CPH3 DATA 0EEH; PCA Channel 3 Capture Module High Byte
 00FE               +1   98     PCA0CPH4 DATA 0FEH; PCA Channel 4 Capture Module High Byte
 00FB               +1   99     PCA0CPL0 DATA 0FBH; PCA Channel 0 Capture Module Low Byte 
 00E9               +1  100     PCA0CPL1 DATA 0E9H; PCA Channel 1 Capture Module Low Byte 
 00EB               +1  101     PCA0CPL2 DATA 0EBH; PCA Channel 2 Capture Module Low Byte 
 00ED               +1  102     PCA0CPL3 DATA 0EDH; PCA Channel 3 Capture Module Low Byte 
 00FD               +1  103     PCA0CPL4 DATA 0FDH; PCA Channel 4 Capture Module Low Byte 
 00DA               +1  104     PCA0CPM0 DATA 0DAH; PCA Channel 0 Capture/Compare Mode    
 00DB               +1  105     PCA0CPM1 DATA 0DBH; PCA Channel 1 Capture/Compare Mode    
 00DC               +1  106     PCA0CPM2 DATA 0DCH; PCA Channel 2 Capture/Compare Mode    
 00DD               +1  107     PCA0CPM3 DATA 0DDH; PCA Channel 3 Capture/Compare Mode    
 00DE               +1  108     PCA0CPM4 DATA 0DEH; PCA Channel 4 Capture/Compare Mode    
 00FA               +1  109     PCA0H    DATA 0FAH; PCA Counter/Timer High Byte           
 00F9               +1  110     PCA0L    DATA 0F9H; PCA Counter/Timer Low Byte            
 00D9               +1  111     PCA0MD   DATA 0D9H; PCA Mode                              
 0087               +1  112     PCON0    DATA 087H; Power Control                         
AX51 MACRO ASSEMBLER  MYPROJECT_2_MAIN                                                      11/07/25 10:23:57 PAGE     3

 00AF               +1  113     PFE0CN   DATA 0AFH; Prefetch Engine Control               
 008F               +1  114     PSCTL    DATA 08FH; Program Store Control                 
 00D0               +1  115     PSW      DATA 0D0H; Program Status Word                   
 00D1               +1  116     REF0CN   DATA 0D1H; Voltage Reference Control             
 00C9               +1  117     REG01CN  DATA 0C9H; Voltage Regulator Control             
 00EF               +1  118     RSTSRC   DATA 0EFH; Reset Source                          
 00AC               +1  119     SBCON1   DATA 0ACH; UART1 Baud Rate Generator Control     
 00B5               +1  120     SBRLH1   DATA 0B5H; UART1 Baud Rate Generator High Byte   
 00B4               +1  121     SBRLL1   DATA 0B4H; UART1 Baud Rate Generator Low Byte    
 0099               +1  122     SBUF0    DATA 099H; UART0 Serial Port Data Buffer         
 00D3               +1  123     SBUF1    DATA 0D3H; UART1 Serial Port Data Buffer         
 0098               +1  124     SCON0    DATA 098H; UART0 Serial Port Control             
 00D2               +1  125     SCON1    DATA 0D2H; UART1 Serial Port Control             
 00BF               +1  126     SFRPAGE  DATA 0BFH; SFR Page                              
 00CE               +1  127     SMB0ADM  DATA 0CEH; SMBus 0 Slave Address Mask            
 00CF               +1  128     SMB0ADR  DATA 0CFH; SMBus 0 Slave Address                 
 00C1               +1  129     SMB0CF   DATA 0C1H; SMBus 0 Configuration                 
 00C0               +1  130     SMB0CN0  DATA 0C0H; SMBus 0 Control                       
 00C2               +1  131     SMB0DAT  DATA 0C2H; SMBus 0 Data                          
 00CE               +1  132     SMB1ADM  DATA 0CEH; SMBus 1 Slave Address Mask            
 00CF               +1  133     SMB1ADR  DATA 0CFH; SMBus 1 Slave Address                 
 00C1               +1  134     SMB1CF   DATA 0C1H; SMBus 1 Configuration                 
 00C0               +1  135     SMB1CN0  DATA 0C0H; SMBus 1 Control                       
 00C2               +1  136     SMB1DAT  DATA 0C2H; SMBus 1 Data                          
 00B9               +1  137     SMBTC    DATA 0B9H; SMBus Timing and Pin Control          
 00E5               +1  138     SMOD1    DATA 0E5H; UART1 Mode                            
 0081               +1  139     SP       DATA 081H; Stack Pointer                         
 00A1               +1  140     SPI0CFG  DATA 0A1H; SPI0 Configuration                    
 00A2               +1  141     SPI0CKR  DATA 0A2H; SPI0 Clock Rate                       
 00F8               +1  142     SPI0CN0  DATA 0F8H; SPI0 Control                          
 00A3               +1  143     SPI0DAT  DATA 0A3H; SPI0 Data                             
 0088               +1  144     TCON     DATA 088H; Timer 0/1 Control                     
 008C               +1  145     TH0      DATA 08CH; Timer 0 High Byte                     
 008D               +1  146     TH1      DATA 08DH; Timer 1 High Byte                     
 008A               +1  147     TL0      DATA 08AH; Timer 0 Low Byte                      
 008B               +1  148     TL1      DATA 08BH; Timer 1 Low Byte                      
 0089               +1  149     TMOD     DATA 089H; Timer 0/1 Mode                        
 00C8               +1  150     TMR2CN0  DATA 0C8H; Timer 2 Control 0                     
 00CD               +1  151     TMR2H    DATA 0CDH; Timer 2 High Byte                     
 00CC               +1  152     TMR2L    DATA 0CCH; Timer 2 Low Byte                      
 00CB               +1  153     TMR2RLH  DATA 0CBH; Timer 2 Reload High Byte              
 00CA               +1  154     TMR2RLL  DATA 0CAH; Timer 2 Reload Low Byte               
 0091               +1  155     TMR3CN0  DATA 091H; Timer 3 Control 0                     
 0095               +1  156     TMR3H    DATA 095H; Timer 3 High Byte                     
 0094               +1  157     TMR3L    DATA 094H; Timer 3 Low Byte                      
 0093               +1  158     TMR3RLH  DATA 093H; Timer 3 Reload High Byte              
 0092               +1  159     TMR3RLL  DATA 092H; Timer 3 Reload Low Byte               
 0091               +1  160     TMR4CN0  DATA 091H; Timer 4 Control 0                     
 0095               +1  161     TMR4H    DATA 095H; Timer 4 High Byte                     
 0094               +1  162     TMR4L    DATA 094H; Timer 4 Low Byte                      
 0093               +1  163     TMR4RLH  DATA 093H; Timer 4 Reload High Byte              
 0092               +1  164     TMR4RLL  DATA 092H; Timer 4 Reload Low Byte               
 00C8               +1  165     TMR5CN0  DATA 0C8H; Timer 5 Control 0                     
 00CD               +1  166     TMR5H    DATA 0CDH; Timer 5 High Byte                     
 00CC               +1  167     TMR5L    DATA 0CCH; Timer 5 Low Byte                      
 00CB               +1  168     TMR5RLH  DATA 0CBH; Timer 5 Reload High Byte              
 00CA               +1  169     TMR5RLL  DATA 0CAH; Timer 5 Reload Low Byte               
 0096               +1  170     USB0ADR  DATA 096H; USB0 Indirect Address                 
 0097               +1  171     USB0DAT  DATA 097H; USB0 Data                             
 00D7               +1  172     USB0XCN  DATA 0D7H; USB0 Transceiver Control              
 00FF               +1  173     VDM0CN   DATA 0FFH; Supply Monitor Control                
 00E1               +1  174     XBR0     DATA 0E1H; Port I/O Crossbar 0                   
 00E2               +1  175     XBR1     DATA 0E2H; Port I/O Crossbar 1                   
AX51 MACRO ASSEMBLER  MYPROJECT_2_MAIN                                                      11/07/25 10:23:57 PAGE     4

 00E3               +1  176     XBR2     DATA 0E3H; Port I/O Crossbar 2                   
 00B1               +1  177     XOSC0CN  DATA 0B1H; External Oscillator Control           
                    +1  178     
                    +1  179     ;------------------------------------------------------------------------------
                    +1  180     ; 16-bit Register Definitions (may not work on all compilers)
                    +1  181     ;------------------------------------------------------------------------------
 00C3               +1  182     ADC0GT  DATA 0C3H ; ADC0 Greater-Than Low Byte           
 00BD               +1  183     ADC0    DATA 0BDH ; ADC0 Data Word Low Byte              
 00C5               +1  184     ADC0LT  DATA 0C5H ; ADC0 Less-Than Low Byte              
 0082               +1  185     DP      DATA 082H ; Data Pointer Low                     
 00FB               +1  186     PCA0CP0 DATA 0FBH ; PCA Channel 0 Capture Module Low Byte
 00E9               +1  187     PCA0CP1 DATA 0E9H ; PCA Channel 1 Capture Module Low Byte
 00EB               +1  188     PCA0CP2 DATA 0EBH ; PCA Channel 2 Capture Module Low Byte
 00ED               +1  189     PCA0CP3 DATA 0EDH ; PCA Channel 3 Capture Module Low Byte
 00FD               +1  190     PCA0CP4 DATA 0FDH ; PCA Channel 4 Capture Module Low Byte
 00F9               +1  191     PCA0    DATA 0F9H ; PCA Counter/Timer Low Byte           
 00B4               +1  192     SBRL1   DATA 0B4H ; UART1 Baud Rate Generator Low Byte   
 00CC               +1  193     TMR2    DATA 0CCH ; Timer 2 Low Byte                     
 00CA               +1  194     TMR2RL  DATA 0CAH ; Timer 2 Reload Low Byte              
 0094               +1  195     TMR3    DATA 094H ; Timer 3 Low Byte                     
 0092               +1  196     TMR3RL  DATA 092H ; Timer 3 Reload Low Byte              
 0094               +1  197     TMR4    DATA 094H ; Timer 4 Low Byte                     
 0092               +1  198     TMR4RL  DATA 092H ; Timer 4 Reload Low Byte              
 00CC               +1  199     TMR5    DATA 0CCH ; Timer 5 Low Byte                     
 00CA               +1  200     TMR5RL  DATA 0CAH ; Timer 5 Reload Low Byte              
                    +1  201     
                    +1  202     ;------------------------------------------------------------------------------
                    +1  203     ; Indirect Register Definitions
                    +1  204     ;------------------------------------------------------------------------------
 000F               +1  205     CLKREC    EQU 00FH ; USB0 Clock Recovery Control       
 000B               +1  206     CMIE      EQU 00BH ; USB0 Common Interrupt Enable      
 0006               +1  207     CMINT     EQU 006H ; USB0 Common Interrupt             
 0016               +1  208     E0CNT     EQU 016H ; USB0 Endpoint0 Data Count         
 0011               +1  209     E0CSR     EQU 011H ; USB0 Endpoint0 Control            
 001E               +1  210     EENABLE   EQU 01EH ; USB0 Endpoint Enable              
 0012               +1  211     EINCSRH   EQU 012H ; USB0 IN Endpoint Control High     
 0011               +1  212     EINCSRL   EQU 011H ; USB0 IN Endpoint Control          
 0017               +1  213     EOUTCNTH  EQU 017H ; USB0 OUT Endpoint Count High      
 0016               +1  214     EOUTCNTL  EQU 016H ; USB0 OUT Endpoint Count           
 0015               +1  215     EOUTCSRH  EQU 015H ; USB0 OUT Endpoint Control High    
 0014               +1  216     EOUTCSRL  EQU 014H ; USB0 OUT Endpoint Control         
 0000               +1  217     FADDR     EQU 000H ; USB0 Function Address             
 0020               +1  218     FIFO0     EQU 020H ; USB0 Endpoint 0 FIFO Access       
 0021               +1  219     FIFO1     EQU 021H ; USB0 Endpoint 1 FIFO Access       
 0022               +1  220     FIFO2     EQU 022H ; USB0 Endpoint 2 FIFO Access       
 0023               +1  221     FIFO3     EQU 023H ; USB0 Endpoint 3 FIFO Access       
 000D               +1  222     FRAMEH    EQU 00DH ; USB0 Frame Number High            
 000C               +1  223     FRAMEL    EQU 00CH ; USB0 Frame Number                 
 0007               +1  224     IN1IE     EQU 007H ; USB0 IN Endpoint Interrupt Enable 
 0002               +1  225     IN1INT    EQU 002H ; USB0 IN Endpoint Interrupt        
 000E               +1  226     INDEX     EQU 00EH ; USB0 Endpoint Index               
 0009               +1  227     OUT1IE    EQU 009H ; USB0 OUT Endpoint Interrupt Enable
 0004               +1  228     OUT1INT   EQU 004H ; USB0 OUT Endpoint Interrupt       
 0001               +1  229     POWER     EQU 001H ; USB0 Power                        
                    +1  230     
                    +1  231     ;------------------------------------------------------------------------------
                    +1  232     ; Bit Definitions
                    +1  233     ;------------------------------------------------------------------------------
                    +1  234     
                    +1  235     ; ACC 0xE0 (Accumulator)
 00E0.0             +1  236     ACC_ACC0 BIT ACC.0 ; Accumulator Bit 0
 00E0.1             +1  237     ACC_ACC1 BIT ACC.1 ; Accumulator Bit 1
 00E0.2             +1  238     ACC_ACC2 BIT ACC.2 ; Accumulator Bit 2
AX51 MACRO ASSEMBLER  MYPROJECT_2_MAIN                                                      11/07/25 10:23:57 PAGE     5

 00E0.3             +1  239     ACC_ACC3 BIT ACC.3 ; Accumulator Bit 3
 00E0.4             +1  240     ACC_ACC4 BIT ACC.4 ; Accumulator Bit 4
 00E0.5             +1  241     ACC_ACC5 BIT ACC.5 ; Accumulator Bit 5
 00E0.6             +1  242     ACC_ACC6 BIT ACC.6 ; Accumulator Bit 6
 00E0.7             +1  243     ACC_ACC7 BIT ACC.7 ; Accumulator Bit 7
                    +1  244     
                    +1  245     ; ADC0CN0 0xE8 (ADC0 Control)
 00E8.0             +1  246     ADC0CN0_ADCM0  BIT ADC0CN0.0 ; Start of Conversion Mode Select Bit 0
 00E8.1             +1  247     ADC0CN0_ADCM1  BIT ADC0CN0.1 ; Start of Conversion Mode Select Bit 1
 00E8.2             +1  248     ADC0CN0_ADCM2  BIT ADC0CN0.2 ; Start of Conversion Mode Select Bit 2
 00E8.3             +1  249     ADC0CN0_ADWINT BIT ADC0CN0.3 ; Window Compare Interrupt Flag        
 00E8.4             +1  250     ADC0CN0_ADBUSY BIT ADC0CN0.4 ; ADC Busy                             
 00E8.5             +1  251     ADC0CN0_ADINT  BIT ADC0CN0.5 ; Conversion Complete Interrupt Flag   
 00E8.6             +1  252     ADC0CN0_ADTM   BIT ADC0CN0.6 ; Track Mode                           
 00E8.7             +1  253     ADC0CN0_ADEN   BIT ADC0CN0.7 ; ADC Enable                           
                    +1  254     
                    +1  255     ; B 0xF0 (B Register)
 00F0.0             +1  256     B_B0 BIT B.0 ; B Register Bit 0
 00F0.1             +1  257     B_B1 BIT B.1 ; B Register Bit 1
 00F0.2             +1  258     B_B2 BIT B.2 ; B Register Bit 2
 00F0.3             +1  259     B_B3 BIT B.3 ; B Register Bit 3
 00F0.4             +1  260     B_B4 BIT B.4 ; B Register Bit 4
 00F0.5             +1  261     B_B5 BIT B.5 ; B Register Bit 5
 00F0.6             +1  262     B_B6 BIT B.6 ; B Register Bit 6
 00F0.7             +1  263     B_B7 BIT B.7 ; B Register Bit 7
                    +1  264     
                    +1  265     ; IE 0xA8 (Interrupt Enable)
 00A8.0             +1  266     IE_EX0   BIT IE.0 ; External Interrupt 0 Enable
 00A8.1             +1  267     IE_ET0   BIT IE.1 ; Timer 0 Interrupt Enable   
 00A8.2             +1  268     IE_EX1   BIT IE.2 ; External Interrupt 1 Enable
 00A8.3             +1  269     IE_ET1   BIT IE.3 ; Timer 1 Interrupt Enable   
 00A8.4             +1  270     IE_ES0   BIT IE.4 ; UART0 Interrupt Enable     
 00A8.5             +1  271     IE_ET2   BIT IE.5 ; Timer 2 Interrupt Enable   
 00A8.6             +1  272     IE_ESPI0 BIT IE.6 ; SPI0 Interrupt Enable      
 00A8.7             +1  273     IE_EA    BIT IE.7 ; All Interrupts Enable      
                    +1  274     
                    +1  275     ; IP 0xB8 (Interrupt Priority)
 00B8.0             +1  276     IP_PX0   BIT IP.0 ; External Interrupt 0 Priority Control                        
 00B8.1             +1  277     IP_PT0   BIT IP.1 ; Timer 0 Interrupt Priority Control                           
 00B8.2             +1  278     IP_PX1   BIT IP.2 ; External Interrupt 1 Priority Control                        
 00B8.3             +1  279     IP_PT1   BIT IP.3 ; Timer 1 Interrupt Priority Control                           
 00B8.4             +1  280     IP_PS0   BIT IP.4 ; UART0 Interrupt Priority Control                             
 00B8.5             +1  281     IP_PT2   BIT IP.5 ; Timer 2 Interrupt Priority Control                           
 00B8.6             +1  282     IP_PSPI0 BIT IP.6 ; Serial Peripheral Interface (SPI0) Interrupt Priority Control
                    +1  283     
                    +1  284     ; P0 0x80 (Port 0 Pin Latch)
 0080.0             +1  285     P0_B0 BIT P0.0 ; Port 0 Bit 0 Latch
 0080.1             +1  286     P0_B1 BIT P0.1 ; Port 0 Bit 1 Latch
 0080.2             +1  287     P0_B2 BIT P0.2 ; Port 0 Bit 2 Latch
 0080.3             +1  288     P0_B3 BIT P0.3 ; Port 0 Bit 3 Latch
 0080.4             +1  289     P0_B4 BIT P0.4 ; Port 0 Bit 4 Latch
 0080.5             +1  290     P0_B5 BIT P0.5 ; Port 0 Bit 5 Latch
 0080.6             +1  291     P0_B6 BIT P0.6 ; Port 0 Bit 6 Latch
 0080.7             +1  292     P0_B7 BIT P0.7 ; Port 0 Bit 7 Latch
                    +1  293     
                    +1  294     ; P1 0x90 (Port 1 Pin Latch)
 0090.0             +1  295     P1_B0 BIT P1.0 ; Port 1 Bit 0 Latch
 0090.1             +1  296     P1_B1 BIT P1.1 ; Port 1 Bit 1 Latch
 0090.2             +1  297     P1_B2 BIT P1.2 ; Port 1 Bit 2 Latch
 0090.3             +1  298     P1_B3 BIT P1.3 ; Port 1 Bit 3 Latch
 0090.4             +1  299     P1_B4 BIT P1.4 ; Port 1 Bit 4 Latch
 0090.5             +1  300     P1_B5 BIT P1.5 ; Port 1 Bit 5 Latch
 0090.6             +1  301     P1_B6 BIT P1.6 ; Port 1 Bit 6 Latch
AX51 MACRO ASSEMBLER  MYPROJECT_2_MAIN                                                      11/07/25 10:23:57 PAGE     6

 0090.7             +1  302     P1_B7 BIT P1.7 ; Port 1 Bit 7 Latch
                    +1  303     
                    +1  304     ; P2 0xA0 (Port 2 Pin Latch)
 00A0.0             +1  305     P2_B0 BIT P2.0 ; Port 2 Bit 0 Latch
 00A0.1             +1  306     P2_B1 BIT P2.1 ; Port 2 Bit 1 Latch
 00A0.2             +1  307     P2_B2 BIT P2.2 ; Port 2 Bit 2 Latch
 00A0.3             +1  308     P2_B3 BIT P2.3 ; Port 2 Bit 3 Latch
 00A0.4             +1  309     P2_B4 BIT P2.4 ; Port 2 Bit 4 Latch
 00A0.5             +1  310     P2_B5 BIT P2.5 ; Port 2 Bit 5 Latch
 00A0.6             +1  311     P2_B6 BIT P2.6 ; Port 2 Bit 6 Latch
 00A0.7             +1  312     P2_B7 BIT P2.7 ; Port 2 Bit 7 Latch
                    +1  313     
                    +1  314     ; P3 0xB0 (Port 3 Pin Latch)
 00B0.0             +1  315     P3_B0 BIT P3.0 ; Port 3 Bit 0 Latch
 00B0.1             +1  316     P3_B1 BIT P3.1 ; Port 3 Bit 1 Latch
 00B0.2             +1  317     P3_B2 BIT P3.2 ; Port 3 Bit 2 Latch
 00B0.3             +1  318     P3_B3 BIT P3.3 ; Port 3 Bit 3 Latch
 00B0.4             +1  319     P3_B4 BIT P3.4 ; Port 3 Bit 4 Latch
 00B0.5             +1  320     P3_B5 BIT P3.5 ; Port 3 Bit 5 Latch
 00B0.6             +1  321     P3_B6 BIT P3.6 ; Port 3 Bit 6 Latch
 00B0.7             +1  322     P3_B7 BIT P3.7 ; Port 3 Bit 7 Latch
                    +1  323     
                    +1  324     ; PCA0CN0 0xD8 (PCA Control 0)
 00D8.0             +1  325     PCA0CN0_CCF0 BIT PCA0CN0.0 ; PCA Module 0 Capture/Compare Flag
 00D8.1             +1  326     PCA0CN0_CCF1 BIT PCA0CN0.1 ; PCA Module 1 Capture/Compare Flag
 00D8.2             +1  327     PCA0CN0_CCF2 BIT PCA0CN0.2 ; PCA Module 2 Capture/Compare Flag
 00D8.3             +1  328     PCA0CN0_CCF3 BIT PCA0CN0.3 ; PCA Module 3 Capture/Compare Flag
 00D8.4             +1  329     PCA0CN0_CCF4 BIT PCA0CN0.4 ; PCA Module 4 Capture/Compare Flag
 00D8.6             +1  330     PCA0CN0_CR   BIT PCA0CN0.6 ; PCA Counter/Timer Run Control    
 00D8.7             +1  331     PCA0CN0_CF   BIT PCA0CN0.7 ; PCA Counter/Timer Overflow Flag  
                    +1  332     
                    +1  333     ; PSW 0xD0 (Program Status Word)
 00D0.0             +1  334     PSW_PARITY BIT PSW.0 ; Parity Flag               
 00D0.1             +1  335     PSW_F1     BIT PSW.1 ; User Flag 1               
 00D0.2             +1  336     PSW_OV     BIT PSW.2 ; Overflow Flag             
 00D0.3             +1  337     PSW_RS0    BIT PSW.3 ; Register Bank Select Bit 0
 00D0.4             +1  338     PSW_RS1    BIT PSW.4 ; Register Bank Select Bit 1
 00D0.5             +1  339     PSW_F0     BIT PSW.5 ; User Flag 0               
 00D0.6             +1  340     PSW_AC     BIT PSW.6 ; Auxiliary Carry Flag      
 00D0.7             +1  341     PSW_CY     BIT PSW.7 ; Carry Flag                
                    +1  342     
                    +1  343     ; SCON0 0x98 (UART0 Serial Port Control)
 0098.0             +1  344     SCON0_RI    BIT SCON0.0 ; Receive Interrupt Flag             
 0098.1             +1  345     SCON0_TI    BIT SCON0.1 ; Transmit Interrupt Flag            
 0098.2             +1  346     SCON0_RB8   BIT SCON0.2 ; Ninth Receive Bit                  
 0098.3             +1  347     SCON0_TB8   BIT SCON0.3 ; Ninth Transmission Bit             
 0098.4             +1  348     SCON0_REN   BIT SCON0.4 ; Receive Enable                     
 0098.5             +1  349     SCON0_MCE   BIT SCON0.5 ; Multiprocessor Communication Enable
 0098.7             +1  350     SCON0_SMODE BIT SCON0.7 ; Serial Port 0 Operation Mode       
                    +1  351     
                    +1  352     ; SMB0CN0 0xC0 (SMBus 0 Control)
 00C0.0             +1  353     SMB0CN0_SI      BIT SMB0CN0.0 ; SMBus Interrupt Flag            
 00C0.1             +1  354     SMB0CN0_ACK     BIT SMB0CN0.1 ; SMBus Acknowledge               
 00C0.2             +1  355     SMB0CN0_ARBLOST BIT SMB0CN0.2 ; SMBus Arbitration Lost Indicator
 00C0.3             +1  356     SMB0CN0_ACKRQ   BIT SMB0CN0.3 ; SMBus Acknowledge Request       
 00C0.4             +1  357     SMB0CN0_STO     BIT SMB0CN0.4 ; SMBus Stop Flag                 
 00C0.5             +1  358     SMB0CN0_STA     BIT SMB0CN0.5 ; SMBus Start Flag                
 00C0.6             +1  359     SMB0CN0_TXMODE  BIT SMB0CN0.6 ; SMBus Transmit Mode Indicator   
 00C0.7             +1  360     SMB0CN0_MASTER  BIT SMB0CN0.7 ; SMBus Master/Slave Indicator    
                    +1  361     
                    +1  362     ; SMB1CN0 0xC0 (SMBus 1 Control)
 00C0.0             +1  363     SMB1CN0_SI      BIT SMB1CN0.0 ; SMBus Interrupt Flag            
 00C0.1             +1  364     SMB1CN0_ACK     BIT SMB1CN0.1 ; SMBus Acknowledge               
AX51 MACRO ASSEMBLER  MYPROJECT_2_MAIN                                                      11/07/25 10:23:57 PAGE     7

 00C0.2             +1  365     SMB1CN0_ARBLOST BIT SMB1CN0.2 ; SMBus Arbitration Lost Indicator
 00C0.3             +1  366     SMB1CN0_ACKRQ   BIT SMB1CN0.3 ; SMBus Acknowledge Request       
 00C0.4             +1  367     SMB1CN0_STO     BIT SMB1CN0.4 ; SMBus Stop Flag                 
 00C0.5             +1  368     SMB1CN0_STA     BIT SMB1CN0.5 ; SMBus Start Flag                
 00C0.6             +1  369     SMB1CN0_TXMODE  BIT SMB1CN0.6 ; SMBus Transmit Mode Indicator   
 00C0.7             +1  370     SMB1CN0_MASTER  BIT SMB1CN0.7 ; SMBus Master/Slave Indicator    
                    +1  371     
                    +1  372     ; SPI0CN0 0xF8 (SPI0 Control)
 00F8.0             +1  373     SPI0CN0_SPIEN  BIT SPI0CN0.0 ; SPI0 Enable            
 00F8.1             +1  374     SPI0CN0_TXBMT  BIT SPI0CN0.1 ; Transmit Buffer Empty  
 00F8.2             +1  375     SPI0CN0_NSSMD0 BIT SPI0CN0.2 ; Slave Select Mode Bit 0
 00F8.3             +1  376     SPI0CN0_NSSMD1 BIT SPI0CN0.3 ; Slave Select Mode Bit 1
 00F8.4             +1  377     SPI0CN0_RXOVRN BIT SPI0CN0.4 ; Receive Overrun Flag   
 00F8.5             +1  378     SPI0CN0_MODF   BIT SPI0CN0.5 ; Mode Fault Flag        
 00F8.6             +1  379     SPI0CN0_WCOL   BIT SPI0CN0.6 ; Write Collision Flag   
 00F8.7             +1  380     SPI0CN0_SPIF   BIT SPI0CN0.7 ; SPI0 Interrupt Flag    
                    +1  381     
                    +1  382     ; TCON 0x88 (Timer 0/1 Control)
 0088.0             +1  383     TCON_IT0 BIT TCON.0 ; Interrupt 0 Type Select
 0088.1             +1  384     TCON_IE0 BIT TCON.1 ; External Interrupt 0   
 0088.2             +1  385     TCON_IT1 BIT TCON.2 ; Interrupt 1 Type Select
 0088.3             +1  386     TCON_IE1 BIT TCON.3 ; External Interrupt 1   
 0088.4             +1  387     TCON_TR0 BIT TCON.4 ; Timer 0 Run Control    
 0088.5             +1  388     TCON_TF0 BIT TCON.5 ; Timer 0 Overflow Flag  
 0088.6             +1  389     TCON_TR1 BIT TCON.6 ; Timer 1 Run Control    
 0088.7             +1  390     TCON_TF1 BIT TCON.7 ; Timer 1 Overflow Flag  
                    +1  391     
                    +1  392     ; TMR2CN0 0xC8 (Timer 2 Control 0)
 00C8.0             +1  393     TMR2CN0_T2XCLK  BIT TMR2CN0.0 ; Timer 2 External Clock Select    
 00C8.1             +1  394     TMR2CN0_T2CSS   BIT TMR2CN0.1 ; Timer 2 Capture Source Select    
 00C8.2             +1  395     TMR2CN0_TR2     BIT TMR2CN0.2 ; Timer 2 Run Control              
 00C8.3             +1  396     TMR2CN0_T2SPLIT BIT TMR2CN0.3 ; Timer 2 Split Mode Enable        
 00C8.4             +1  397     TMR2CN0_TF2CEN  BIT TMR2CN0.4 ; Timer 2 Capture Enable           
 00C8.5             +1  398     TMR2CN0_TF2LEN  BIT TMR2CN0.5 ; Timer 2 Low Byte Interrupt Enable
 00C8.6             +1  399     TMR2CN0_TF2L    BIT TMR2CN0.6 ; Timer 2 Low Byte Overflow Flag   
 00C8.7             +1  400     TMR2CN0_TF2H    BIT TMR2CN0.7 ; Timer 2 High Byte Overflow Flag  
                    +1  401     
                    +1  402     ; TMR5CN0 0xC8 (Timer 5 Control 0)
 00C8.0             +1  403     TMR5CN0_T5XCLK  BIT TMR5CN0.0 ; Timer 5 External Clock Select    
 00C8.2             +1  404     TMR5CN0_TR5     BIT TMR5CN0.2 ; Timer 5 Run Control              
 00C8.3             +1  405     TMR5CN0_T5SPLIT BIT TMR5CN0.3 ; Timer 5 Split Mode Enable        
 00C8.5             +1  406     TMR5CN0_TF5LEN  BIT TMR5CN0.5 ; Timer 5 Low Byte Interrupt Enable
 00C8.6             +1  407     TMR5CN0_TF5L    BIT TMR5CN0.6 ; Timer 5 Low Byte Overflow Flag   
 00C8.7             +1  408     TMR5CN0_TF5H    BIT TMR5CN0.7 ; Timer 5 High Byte Overflow Flag  
                    +1  409     
                    +1  410     ;------------------------------------------------------------------------------
                    +1  411     ; Interrupt Definitions
                    +1  412     ;------------------------------------------------------------------------------
 0000               +1  413     INT0_IRQn    EQU 0  ; External Interrupt 0  
 0001               +1  414     TIMER0_IRQn  EQU 1  ; Timer 0 Overflow      
 0002               +1  415     INT1_IRQn    EQU 2  ; External Interrupt 1  
 0003               +1  416     TIMER1_IRQn  EQU 3  ; Timer 1 Overflow      
 0004               +1  417     UART0_IRQn   EQU 4  ; UART 0                
 0005               +1  418     TIMER2_IRQn  EQU 5  ; Timer 2 Overflow      
 0006               +1  419     SPI0_IRQn    EQU 6  ; SPI0                  
 0007               +1  420     SMBUS0_IRQn  EQU 7  ; SMBus 0               
 0008               +1  421     USB0_IRQn    EQU 8  ; USB0                  
 0009               +1  422     ADC0WC_IRQn  EQU 9  ; ADC0 Window Compare   
 000A               +1  423     ADC0EOC_IRQn EQU 10 ; ADC0 End of Conversion
 000B               +1  424     PCA0_IRQn    EQU 11 ; PCA0                  
 000C               +1  425     CMP0_IRQn    EQU 12 ; Comparator 0          
 000D               +1  426     CMP1_IRQn    EQU 13 ; Comparator 1          
 000E               +1  427     TIMER3_IRQn  EQU 14 ; Timer 3 Overflow      
AX51 MACRO ASSEMBLER  MYPROJECT_2_MAIN                                                      11/07/25 10:23:57 PAGE     8

 000F               +1  428     VBUSLVL_IRQn EQU 15 ; VBUS Level            
 0010               +1  429     UART1_IRQn   EQU 16 ; UART 1                
 0012               +1  430     SMBUS1_IRQn  EQU 18 ; SMBus 1               
 0013               +1  431     TIMER4_IRQn  EQU 19 ; Timer 4 Overflow      
 0014               +1  432     TIMER5_IRQn  EQU 20 ; Timer 5 Overflow      
                    +1  433     
                    +1  434     ;------------------------------------------------------------------------------
                    +1  435     ; SFR Page Definitions
                    +1  436     ;------------------------------------------------------------------------------
 0000               +1  437     LEGACY_PAGE  EQU 000H ; Legacy SFR Page                   
 000F               +1  438     CONFIG_PAGE  EQU 00FH ; System and Port Configuration Page
 000F               +1  439     SMB1_PAGE    EQU 00FH ; SMBus 1 Page                      
                        440     
                        441     ;**** my defines (EQU) *****
 0080                   442     START_ADRS EQU 80h
 000F                   443     START_NUM EQU 15
                        444     ;-----------------------------------------------------------------------------
                        445     ; RESET and INTERRUPT VECTORS
                        446     ;-----------------------------------------------------------------------------
000000                  447                 CSEG AT 0     ; Reset Vector
000000 020000     F     448                 LJMP MAIN           ; Locate a jump to the start of
0000B3                  449           ORG  0B3H     ;end of interrupt space code
                        450     ;-----------------------------------------------------------------------------
                        451     ; CODE SEGMENT
                        452     ;-----------------------------------------------------------------------------
------                  453     LEDSEG      SEGMENT  CODE
------                  454                 RSEG     LEDSEG         ; Switch to this code segment.
                        455                 USING    0              ; Specify register bank for the
                        456                                         ; following program code.
000000 120000     F     457     MAIN:   LCALL Init_Device   ; call external program
                        458     
                        459           ; add your program here
                        460           ;**** my program ****
000003 7880             461           mov r0, #START_ADRS
000005 740F             462           mov a, #START_NUM
000007 F6               463     LOOP:   mov @r0,a
000008 08               464           inc r0
000009 D5E0FB           465           djnz acc, LOOP
00000C F6               466           mov @r0,a
00000D 80FE             467           sjmp $ ;endless loop = halt
                        468     ;-----------------------------------------------------------------------------
00000F                  469     Init_Device:
00000F 53D9BF           470           ANL   PCA0MD, #NOT(040h); clear Watchdog Enable bit
                        471           ; add your init_program here
                        472     
000012 22               473           RET
                        474     ;-----------------------------------------------------------------------------
                        475     
                        476     ; End of file.
                        477     END
AX51 MACRO ASSEMBLER  MYPROJECT_2_MAIN                                                      11/07/25 10:23:57 PAGE     9

SYMBOL TABLE LISTING
------ ----- -------


N A M E                                 T Y P E  V A L U E     ATTRIBUTES

ACC. . . . . . . . . . . . . . . . . .  D  ADDR  00E0H     A   
ACC_ACC0 . . . . . . . . . . . . . . .  B  ADDR  00E0H.0   A   
ACC_ACC1 . . . . . . . . . . . . . . .  B  ADDR  00E0H.1   A   
ACC_ACC2 . . . . . . . . . . . . . . .  B  ADDR  00E0H.2   A   
ACC_ACC3 . . . . . . . . . . . . . . .  B  ADDR  00E0H.3   A   
ACC_ACC4 . . . . . . . . . . . . . . .  B  ADDR  00E0H.4   A   
ACC_ACC5 . . . . . . . . . . . . . . .  B  ADDR  00E0H.5   A   
ACC_ACC6 . . . . . . . . . . . . . . .  B  ADDR  00E0H.6   A   
ACC_ACC7 . . . . . . . . . . . . . . .  B  ADDR  00E0H.7   A   
ADC0 . . . . . . . . . . . . . . . . .  D  ADDR  00BDH     A   
ADC0CF . . . . . . . . . . . . . . . .  D  ADDR  00BCH     A   
ADC0CN0. . . . . . . . . . . . . . . .  D  ADDR  00E8H     A   
ADC0CN0_ADBUSY . . . . . . . . . . . .  B  ADDR  00E8H.4   A   
ADC0CN0_ADCM0. . . . . . . . . . . . .  B  ADDR  00E8H.0   A   
ADC0CN0_ADCM1. . . . . . . . . . . . .  B  ADDR  00E8H.1   A   
ADC0CN0_ADCM2. . . . . . . . . . . . .  B  ADDR  00E8H.2   A   
ADC0CN0_ADEN . . . . . . . . . . . . .  B  ADDR  00E8H.7   A   
ADC0CN0_ADINT. . . . . . . . . . . . .  B  ADDR  00E8H.5   A   
ADC0CN0_ADTM . . . . . . . . . . . . .  B  ADDR  00E8H.6   A   
ADC0CN0_ADWINT . . . . . . . . . . . .  B  ADDR  00E8H.3   A   
ADC0EOC_IRQN . . . . . . . . . . . . .  N  NUMB  000AH     A   
ADC0GT . . . . . . . . . . . . . . . .  D  ADDR  00C3H     A   
ADC0GTH. . . . . . . . . . . . . . . .  D  ADDR  00C4H     A   
ADC0GTL. . . . . . . . . . . . . . . .  D  ADDR  00C3H     A   
ADC0H. . . . . . . . . . . . . . . . .  D  ADDR  00BEH     A   
ADC0L. . . . . . . . . . . . . . . . .  D  ADDR  00BDH     A   
ADC0LT . . . . . . . . . . . . . . . .  D  ADDR  00C5H     A   
ADC0LTH. . . . . . . . . . . . . . . .  D  ADDR  00C6H     A   
ADC0LTL. . . . . . . . . . . . . . . .  D  ADDR  00C5H     A   
ADC0WC_IRQN. . . . . . . . . . . . . .  N  NUMB  0009H     A   
AMX0N. . . . . . . . . . . . . . . . .  D  ADDR  00BAH     A   
AMX0P. . . . . . . . . . . . . . . . .  D  ADDR  00BBH     A   
B. . . . . . . . . . . . . . . . . . .  D  ADDR  00F0H     A   
B_B0 . . . . . . . . . . . . . . . . .  B  ADDR  00F0H.0   A   
B_B1 . . . . . . . . . . . . . . . . .  B  ADDR  00F0H.1   A   
B_B2 . . . . . . . . . . . . . . . . .  B  ADDR  00F0H.2   A   
B_B3 . . . . . . . . . . . . . . . . .  B  ADDR  00F0H.3   A   
B_B4 . . . . . . . . . . . . . . . . .  B  ADDR  00F0H.4   A   
B_B5 . . . . . . . . . . . . . . . . .  B  ADDR  00F0H.5   A   
B_B6 . . . . . . . . . . . . . . . . .  B  ADDR  00F0H.6   A   
B_B7 . . . . . . . . . . . . . . . . .  B  ADDR  00F0H.7   A   
CKCON0 . . . . . . . . . . . . . . . .  D  ADDR  008EH     A   
CKCON1 . . . . . . . . . . . . . . . .  D  ADDR  00E4H     A   
CLKREC . . . . . . . . . . . . . . . .  N  NUMB  000FH     A   
CLKSEL . . . . . . . . . . . . . . . .  D  ADDR  00A9H     A   
CMIE . . . . . . . . . . . . . . . . .  N  NUMB  000BH     A   
CMINT. . . . . . . . . . . . . . . . .  N  NUMB  0006H     A   
CMP0_IRQN. . . . . . . . . . . . . . .  N  NUMB  000CH     A   
CMP0CN0. . . . . . . . . . . . . . . .  D  ADDR  009BH     A   
CMP0MD . . . . . . . . . . . . . . . .  D  ADDR  009DH     A   
CMP0MX . . . . . . . . . . . . . . . .  D  ADDR  009FH     A   
CMP1_IRQN. . . . . . . . . . . . . . .  N  NUMB  000DH     A   
CMP1CN0. . . . . . . . . . . . . . . .  D  ADDR  009AH     A   
CMP1MD . . . . . . . . . . . . . . . .  D  ADDR  009CH     A   
CMP1MX . . . . . . . . . . . . . . . .  D  ADDR  009EH     A   
CONFIG_PAGE. . . . . . . . . . . . . .  N  NUMB  000FH     A   
DP . . . . . . . . . . . . . . . . . .  D  ADDR  0082H     A   
AX51 MACRO ASSEMBLER  MYPROJECT_2_MAIN                                                      11/07/25 10:23:57 PAGE    10

DPH. . . . . . . . . . . . . . . . . .  D  ADDR  0083H     A   
DPL. . . . . . . . . . . . . . . . . .  D  ADDR  0082H     A   
E0CNT. . . . . . . . . . . . . . . . .  N  NUMB  0016H     A   
E0CSR. . . . . . . . . . . . . . . . .  N  NUMB  0011H     A   
EENABLE. . . . . . . . . . . . . . . .  N  NUMB  001EH     A   
EIE1 . . . . . . . . . . . . . . . . .  D  ADDR  00E6H     A   
EIE2 . . . . . . . . . . . . . . . . .  D  ADDR  00E7H     A   
EINCSRH. . . . . . . . . . . . . . . .  N  NUMB  0012H     A   
EINCSRL. . . . . . . . . . . . . . . .  N  NUMB  0011H     A   
EIP1 . . . . . . . . . . . . . . . . .  D  ADDR  00F6H     A   
EIP2 . . . . . . . . . . . . . . . . .  D  ADDR  00F7H     A   
EMI0CF . . . . . . . . . . . . . . . .  D  ADDR  0085H     A   
EMI0CN . . . . . . . . . . . . . . . .  D  ADDR  00AAH     A   
EMI0TC . . . . . . . . . . . . . . . .  D  ADDR  0084H     A   
EOUTCNTH . . . . . . . . . . . . . . .  N  NUMB  0017H     A   
EOUTCNTL . . . . . . . . . . . . . . .  N  NUMB  0016H     A   
EOUTCSRH . . . . . . . . . . . . . . .  N  NUMB  0015H     A   
EOUTCSRL . . . . . . . . . . . . . . .  N  NUMB  0014H     A   
FADDR. . . . . . . . . . . . . . . . .  N  NUMB  0000H     A   
FIFO0. . . . . . . . . . . . . . . . .  N  NUMB  0020H     A   
FIFO1. . . . . . . . . . . . . . . . .  N  NUMB  0021H     A   
FIFO2. . . . . . . . . . . . . . . . .  N  NUMB  0022H     A   
FIFO3. . . . . . . . . . . . . . . . .  N  NUMB  0023H     A   
FLKEY. . . . . . . . . . . . . . . . .  D  ADDR  00B7H     A   
FLSCL. . . . . . . . . . . . . . . . .  D  ADDR  00B6H     A   
FRAMEH . . . . . . . . . . . . . . . .  N  NUMB  000DH     A   
FRAMEL . . . . . . . . . . . . . . . .  N  NUMB  000CH     A   
HFO0CAL. . . . . . . . . . . . . . . .  D  ADDR  00B3H     A   
HFO0CN . . . . . . . . . . . . . . . .  D  ADDR  00B2H     A   
IE . . . . . . . . . . . . . . . . . .  D  ADDR  00A8H     A   
IE_EA. . . . . . . . . . . . . . . . .  B  ADDR  00A8H.7   A   
IE_ES0 . . . . . . . . . . . . . . . .  B  ADDR  00A8H.4   A   
IE_ESPI0 . . . . . . . . . . . . . . .  B  ADDR  00A8H.6   A   
IE_ET0 . . . . . . . . . . . . . . . .  B  ADDR  00A8H.1   A   
IE_ET1 . . . . . . . . . . . . . . . .  B  ADDR  00A8H.3   A   
IE_ET2 . . . . . . . . . . . . . . . .  B  ADDR  00A8H.5   A   
IE_EX0 . . . . . . . . . . . . . . . .  B  ADDR  00A8H.0   A   
IE_EX1 . . . . . . . . . . . . . . . .  B  ADDR  00A8H.2   A   
IN1IE. . . . . . . . . . . . . . . . .  N  NUMB  0007H     A   
IN1INT . . . . . . . . . . . . . . . .  N  NUMB  0002H     A   
INDEX. . . . . . . . . . . . . . . . .  N  NUMB  000EH     A   
INIT_DEVICE. . . . . . . . . . . . . .  C  ADDR  000FH     R   SEG=LEDSEG
INT0_IRQN. . . . . . . . . . . . . . .  N  NUMB  0000H     A   
INT1_IRQN. . . . . . . . . . . . . . .  N  NUMB  0002H     A   
IP . . . . . . . . . . . . . . . . . .  D  ADDR  00B8H     A   
IP_PS0 . . . . . . . . . . . . . . . .  B  ADDR  00B8H.4   A   
IP_PSPI0 . . . . . . . . . . . . . . .  B  ADDR  00B8H.6   A   
IP_PT0 . . . . . . . . . . . . . . . .  B  ADDR  00B8H.1   A   
IP_PT1 . . . . . . . . . . . . . . . .  B  ADDR  00B8H.3   A   
IP_PT2 . . . . . . . . . . . . . . . .  B  ADDR  00B8H.5   A   
IP_PX0 . . . . . . . . . . . . . . . .  B  ADDR  00B8H.0   A   
IP_PX1 . . . . . . . . . . . . . . . .  B  ADDR  00B8H.2   A   
IT01CF . . . . . . . . . . . . . . . .  D  ADDR  00E4H     A   
LEDSEG . . . . . . . . . . . . . . . .  C  SEG   000013H       REL=UNIT, ALN=BYTE
LEGACY_PAGE. . . . . . . . . . . . . .  N  NUMB  0000H     A   
LFO0CN . . . . . . . . . . . . . . . .  D  ADDR  0086H     A   
LOOP . . . . . . . . . . . . . . . . .  C  ADDR  0007H     R   SEG=LEDSEG
MAIN . . . . . . . . . . . . . . . . .  C  ADDR  0000H     R   SEG=LEDSEG
OUT1IE . . . . . . . . . . . . . . . .  N  NUMB  0009H     A   
OUT1INT. . . . . . . . . . . . . . . .  N  NUMB  0004H     A   
P0 . . . . . . . . . . . . . . . . . .  D  ADDR  0080H     A   
P0_B0. . . . . . . . . . . . . . . . .  B  ADDR  0080H.0   A   
P0_B1. . . . . . . . . . . . . . . . .  B  ADDR  0080H.1   A   
AX51 MACRO ASSEMBLER  MYPROJECT_2_MAIN                                                      11/07/25 10:23:57 PAGE    11

P0_B2. . . . . . . . . . . . . . . . .  B  ADDR  0080H.2   A   
P0_B3. . . . . . . . . . . . . . . . .  B  ADDR  0080H.3   A   
P0_B4. . . . . . . . . . . . . . . . .  B  ADDR  0080H.4   A   
P0_B5. . . . . . . . . . . . . . . . .  B  ADDR  0080H.5   A   
P0_B6. . . . . . . . . . . . . . . . .  B  ADDR  0080H.6   A   
P0_B7. . . . . . . . . . . . . . . . .  B  ADDR  0080H.7   A   
P0MDIN . . . . . . . . . . . . . . . .  D  ADDR  00F1H     A   
P0MDOUT. . . . . . . . . . . . . . . .  D  ADDR  00A4H     A   
P0SKIP . . . . . . . . . . . . . . . .  D  ADDR  00D4H     A   
P1 . . . . . . . . . . . . . . . . . .  D  ADDR  0090H     A   
P1_B0. . . . . . . . . . . . . . . . .  B  ADDR  0090H.0   A   
P1_B1. . . . . . . . . . . . . . . . .  B  ADDR  0090H.1   A   
P1_B2. . . . . . . . . . . . . . . . .  B  ADDR  0090H.2   A   
P1_B3. . . . . . . . . . . . . . . . .  B  ADDR  0090H.3   A   
P1_B4. . . . . . . . . . . . . . . . .  B  ADDR  0090H.4   A   
P1_B5. . . . . . . . . . . . . . . . .  B  ADDR  0090H.5   A   
P1_B6. . . . . . . . . . . . . . . . .  B  ADDR  0090H.6   A   
P1_B7. . . . . . . . . . . . . . . . .  B  ADDR  0090H.7   A   
P1MDIN . . . . . . . . . . . . . . . .  D  ADDR  00F2H     A   
P1MDOUT. . . . . . . . . . . . . . . .  D  ADDR  00A5H     A   
P1SKIP . . . . . . . . . . . . . . . .  D  ADDR  00D5H     A   
P2 . . . . . . . . . . . . . . . . . .  D  ADDR  00A0H     A   
P2_B0. . . . . . . . . . . . . . . . .  B  ADDR  00A0H.0   A   
P2_B1. . . . . . . . . . . . . . . . .  B  ADDR  00A0H.1   A   
P2_B2. . . . . . . . . . . . . . . . .  B  ADDR  00A0H.2   A   
P2_B3. . . . . . . . . . . . . . . . .  B  ADDR  00A0H.3   A   
P2_B4. . . . . . . . . . . . . . . . .  B  ADDR  00A0H.4   A   
P2_B5. . . . . . . . . . . . . . . . .  B  ADDR  00A0H.5   A   
P2_B6. . . . . . . . . . . . . . . . .  B  ADDR  00A0H.6   A   
P2_B7. . . . . . . . . . . . . . . . .  B  ADDR  00A0H.7   A   
P2MDIN . . . . . . . . . . . . . . . .  D  ADDR  00F3H     A   
P2MDOUT. . . . . . . . . . . . . . . .  D  ADDR  00A6H     A   
P2SKIP . . . . . . . . . . . . . . . .  D  ADDR  00D6H     A   
P3 . . . . . . . . . . . . . . . . . .  D  ADDR  00B0H     A   
P3_B0. . . . . . . . . . . . . . . . .  B  ADDR  00B0H.0   A   
P3_B1. . . . . . . . . . . . . . . . .  B  ADDR  00B0H.1   A   
P3_B2. . . . . . . . . . . . . . . . .  B  ADDR  00B0H.2   A   
P3_B3. . . . . . . . . . . . . . . . .  B  ADDR  00B0H.3   A   
P3_B4. . . . . . . . . . . . . . . . .  B  ADDR  00B0H.4   A   
P3_B5. . . . . . . . . . . . . . . . .  B  ADDR  00B0H.5   A   
P3_B6. . . . . . . . . . . . . . . . .  B  ADDR  00B0H.6   A   
P3_B7. . . . . . . . . . . . . . . . .  B  ADDR  00B0H.7   A   
P3MDIN . . . . . . . . . . . . . . . .  D  ADDR  00F4H     A   
P3MDOUT. . . . . . . . . . . . . . . .  D  ADDR  00A7H     A   
P3SKIP . . . . . . . . . . . . . . . .  D  ADDR  00DFH     A   
P4 . . . . . . . . . . . . . . . . . .  D  ADDR  00C7H     A   
P4MDIN . . . . . . . . . . . . . . . .  D  ADDR  00F5H     A   
P4MDOUT. . . . . . . . . . . . . . . .  D  ADDR  00AEH     A   
PCA0 . . . . . . . . . . . . . . . . .  D  ADDR  00F9H     A   
PCA0_IRQN. . . . . . . . . . . . . . .  N  NUMB  000BH     A   
PCA0CN0. . . . . . . . . . . . . . . .  D  ADDR  00D8H     A   
PCA0CN0_CCF0 . . . . . . . . . . . . .  B  ADDR  00D8H.0   A   
PCA0CN0_CCF1 . . . . . . . . . . . . .  B  ADDR  00D8H.1   A   
PCA0CN0_CCF2 . . . . . . . . . . . . .  B  ADDR  00D8H.2   A   
PCA0CN0_CCF3 . . . . . . . . . . . . .  B  ADDR  00D8H.3   A   
PCA0CN0_CCF4 . . . . . . . . . . . . .  B  ADDR  00D8H.4   A   
PCA0CN0_CF . . . . . . . . . . . . . .  B  ADDR  00D8H.7   A   
PCA0CN0_CR . . . . . . . . . . . . . .  B  ADDR  00D8H.6   A   
PCA0CP0. . . . . . . . . . . . . . . .  D  ADDR  00FBH     A   
PCA0CP1. . . . . . . . . . . . . . . .  D  ADDR  00E9H     A   
PCA0CP2. . . . . . . . . . . . . . . .  D  ADDR  00EBH     A   
PCA0CP3. . . . . . . . . . . . . . . .  D  ADDR  00EDH     A   
PCA0CP4. . . . . . . . . . . . . . . .  D  ADDR  00FDH     A   
AX51 MACRO ASSEMBLER  MYPROJECT_2_MAIN                                                      11/07/25 10:23:57 PAGE    12

PCA0CPH0 . . . . . . . . . . . . . . .  D  ADDR  00FCH     A   
PCA0CPH1 . . . . . . . . . . . . . . .  D  ADDR  00EAH     A   
PCA0CPH2 . . . . . . . . . . . . . . .  D  ADDR  00ECH     A   
PCA0CPH3 . . . . . . . . . . . . . . .  D  ADDR  00EEH     A   
PCA0CPH4 . . . . . . . . . . . . . . .  D  ADDR  00FEH     A   
PCA0CPL0 . . . . . . . . . . . . . . .  D  ADDR  00FBH     A   
PCA0CPL1 . . . . . . . . . . . . . . .  D  ADDR  00E9H     A   
PCA0CPL2 . . . . . . . . . . . . . . .  D  ADDR  00EBH     A   
PCA0CPL3 . . . . . . . . . . . . . . .  D  ADDR  00EDH     A   
PCA0CPL4 . . . . . . . . . . . . . . .  D  ADDR  00FDH     A   
PCA0CPM0 . . . . . . . . . . . . . . .  D  ADDR  00DAH     A   
PCA0CPM1 . . . . . . . . . . . . . . .  D  ADDR  00DBH     A   
PCA0CPM2 . . . . . . . . . . . . . . .  D  ADDR  00DCH     A   
PCA0CPM3 . . . . . . . . . . . . . . .  D  ADDR  00DDH     A   
PCA0CPM4 . . . . . . . . . . . . . . .  D  ADDR  00DEH     A   
PCA0H. . . . . . . . . . . . . . . . .  D  ADDR  00FAH     A   
PCA0L. . . . . . . . . . . . . . . . .  D  ADDR  00F9H     A   
PCA0MD . . . . . . . . . . . . . . . .  D  ADDR  00D9H     A   
PCON0. . . . . . . . . . . . . . . . .  D  ADDR  0087H     A   
PFE0CN . . . . . . . . . . . . . . . .  D  ADDR  00AFH     A   
POWER. . . . . . . . . . . . . . . . .  N  NUMB  0001H     A   
PSCTL. . . . . . . . . . . . . . . . .  D  ADDR  008FH     A   
PSW. . . . . . . . . . . . . . . . . .  D  ADDR  00D0H     A   
PSW_AC . . . . . . . . . . . . . . . .  B  ADDR  00D0H.6   A   
PSW_CY . . . . . . . . . . . . . . . .  B  ADDR  00D0H.7   A   
PSW_F0 . . . . . . . . . . . . . . . .  B  ADDR  00D0H.5   A   
PSW_F1 . . . . . . . . . . . . . . . .  B  ADDR  00D0H.1   A   
PSW_OV . . . . . . . . . . . . . . . .  B  ADDR  00D0H.2   A   
PSW_PARITY . . . . . . . . . . . . . .  B  ADDR  00D0H.0   A   
PSW_RS0. . . . . . . . . . . . . . . .  B  ADDR  00D0H.3   A   
PSW_RS1. . . . . . . . . . . . . . . .  B  ADDR  00D0H.4   A   
REF0CN . . . . . . . . . . . . . . . .  D  ADDR  00D1H     A   
REG01CN. . . . . . . . . . . . . . . .  D  ADDR  00C9H     A   
RSTSRC . . . . . . . . . . . . . . . .  D  ADDR  00EFH     A   
SBCON1 . . . . . . . . . . . . . . . .  D  ADDR  00ACH     A   
SBRL1. . . . . . . . . . . . . . . . .  D  ADDR  00B4H     A   
SBRLH1 . . . . . . . . . . . . . . . .  D  ADDR  00B5H     A   
SBRLL1 . . . . . . . . . . . . . . . .  D  ADDR  00B4H     A   
SBUF0. . . . . . . . . . . . . . . . .  D  ADDR  0099H     A   
SBUF1. . . . . . . . . . . . . . . . .  D  ADDR  00D3H     A   
SCON0. . . . . . . . . . . . . . . . .  D  ADDR  0098H     A   
SCON0_MCE. . . . . . . . . . . . . . .  B  ADDR  0098H.5   A   
SCON0_RB8. . . . . . . . . . . . . . .  B  ADDR  0098H.2   A   
SCON0_REN. . . . . . . . . . . . . . .  B  ADDR  0098H.4   A   
SCON0_RI . . . . . . . . . . . . . . .  B  ADDR  0098H.0   A   
SCON0_SMODE. . . . . . . . . . . . . .  B  ADDR  0098H.7   A   
SCON0_TB8. . . . . . . . . . . . . . .  B  ADDR  0098H.3   A   
SCON0_TI . . . . . . . . . . . . . . .  B  ADDR  0098H.1   A   
SCON1. . . . . . . . . . . . . . . . .  D  ADDR  00D2H     A   
SFRPAGE. . . . . . . . . . . . . . . .  D  ADDR  00BFH     A   
SMB0ADM. . . . . . . . . . . . . . . .  D  ADDR  00CEH     A   
SMB0ADR. . . . . . . . . . . . . . . .  D  ADDR  00CFH     A   
SMB0CF . . . . . . . . . . . . . . . .  D  ADDR  00C1H     A   
SMB0CN0. . . . . . . . . . . . . . . .  D  ADDR  00C0H     A   
SMB0CN0_ACK. . . . . . . . . . . . . .  B  ADDR  00C0H.1   A   
SMB0CN0_ACKRQ. . . . . . . . . . . . .  B  ADDR  00C0H.3   A   
SMB0CN0_ARBLOST. . . . . . . . . . . .  B  ADDR  00C0H.2   A   
SMB0CN0_MASTER . . . . . . . . . . . .  B  ADDR  00C0H.7   A   
SMB0CN0_SI . . . . . . . . . . . . . .  B  ADDR  00C0H.0   A   
SMB0CN0_STA. . . . . . . . . . . . . .  B  ADDR  00C0H.5   A   
SMB0CN0_STO. . . . . . . . . . . . . .  B  ADDR  00C0H.4   A   
SMB0CN0_TXMODE . . . . . . . . . . . .  B  ADDR  00C0H.6   A   
SMB0DAT. . . . . . . . . . . . . . . .  D  ADDR  00C2H     A   
AX51 MACRO ASSEMBLER  MYPROJECT_2_MAIN                                                      11/07/25 10:23:57 PAGE    13

SMB1_PAGE. . . . . . . . . . . . . . .  N  NUMB  000FH     A   
SMB1ADM. . . . . . . . . . . . . . . .  D  ADDR  00CEH     A   
SMB1ADR. . . . . . . . . . . . . . . .  D  ADDR  00CFH     A   
SMB1CF . . . . . . . . . . . . . . . .  D  ADDR  00C1H     A   
SMB1CN0. . . . . . . . . . . . . . . .  D  ADDR  00C0H     A   
SMB1CN0_ACK. . . . . . . . . . . . . .  B  ADDR  00C0H.1   A   
SMB1CN0_ACKRQ. . . . . . . . . . . . .  B  ADDR  00C0H.3   A   
SMB1CN0_ARBLOST. . . . . . . . . . . .  B  ADDR  00C0H.2   A   
SMB1CN0_MASTER . . . . . . . . . . . .  B  ADDR  00C0H.7   A   
SMB1CN0_SI . . . . . . . . . . . . . .  B  ADDR  00C0H.0   A   
SMB1CN0_STA. . . . . . . . . . . . . .  B  ADDR  00C0H.5   A   
SMB1CN0_STO. . . . . . . . . . . . . .  B  ADDR  00C0H.4   A   
SMB1CN0_TXMODE . . . . . . . . . . . .  B  ADDR  00C0H.6   A   
SMB1DAT. . . . . . . . . . . . . . . .  D  ADDR  00C2H     A   
SMBTC. . . . . . . . . . . . . . . . .  D  ADDR  00B9H     A   
SMBUS0_IRQN. . . . . . . . . . . . . .  N  NUMB  0007H     A   
SMBUS1_IRQN. . . . . . . . . . . . . .  N  NUMB  0012H     A   
SMOD1. . . . . . . . . . . . . . . . .  D  ADDR  00E5H     A   
SP . . . . . . . . . . . . . . . . . .  D  ADDR  0081H     A   
SPI0_IRQN. . . . . . . . . . . . . . .  N  NUMB  0006H     A   
SPI0CFG. . . . . . . . . . . . . . . .  D  ADDR  00A1H     A   
SPI0CKR. . . . . . . . . . . . . . . .  D  ADDR  00A2H     A   
SPI0CN0. . . . . . . . . . . . . . . .  D  ADDR  00F8H     A   
SPI0CN0_MODF . . . . . . . . . . . . .  B  ADDR  00F8H.5   A   
SPI0CN0_NSSMD0 . . . . . . . . . . . .  B  ADDR  00F8H.2   A   
SPI0CN0_NSSMD1 . . . . . . . . . . . .  B  ADDR  00F8H.3   A   
SPI0CN0_RXOVRN . . . . . . . . . . . .  B  ADDR  00F8H.4   A   
SPI0CN0_SPIEN. . . . . . . . . . . . .  B  ADDR  00F8H.0   A   
SPI0CN0_SPIF . . . . . . . . . . . . .  B  ADDR  00F8H.7   A   
SPI0CN0_TXBMT. . . . . . . . . . . . .  B  ADDR  00F8H.1   A   
SPI0CN0_WCOL . . . . . . . . . . . . .  B  ADDR  00F8H.6   A   
SPI0DAT. . . . . . . . . . . . . . . .  D  ADDR  00A3H     A   
START_ADRS . . . . . . . . . . . . . .  N  NUMB  0080H     A   
START_NUM. . . . . . . . . . . . . . .  N  NUMB  000FH     A   
TCON . . . . . . . . . . . . . . . . .  D  ADDR  0088H     A   
TCON_IE0 . . . . . . . . . . . . . . .  B  ADDR  0088H.1   A   
TCON_IE1 . . . . . . . . . . . . . . .  B  ADDR  0088H.3   A   
TCON_IT0 . . . . . . . . . . . . . . .  B  ADDR  0088H.0   A   
TCON_IT1 . . . . . . . . . . . . . . .  B  ADDR  0088H.2   A   
TCON_TF0 . . . . . . . . . . . . . . .  B  ADDR  0088H.5   A   
TCON_TF1 . . . . . . . . . . . . . . .  B  ADDR  0088H.7   A   
TCON_TR0 . . . . . . . . . . . . . . .  B  ADDR  0088H.4   A   
TCON_TR1 . . . . . . . . . . . . . . .  B  ADDR  0088H.6   A   
TH0. . . . . . . . . . . . . . . . . .  D  ADDR  008CH     A   
TH1. . . . . . . . . . . . . . . . . .  D  ADDR  008DH     A   
TIMER0_IRQN. . . . . . . . . . . . . .  N  NUMB  0001H     A   
TIMER1_IRQN. . . . . . . . . . . . . .  N  NUMB  0003H     A   
TIMER2_IRQN. . . . . . . . . . . . . .  N  NUMB  0005H     A   
TIMER3_IRQN. . . . . . . . . . . . . .  N  NUMB  000EH     A   
TIMER4_IRQN. . . . . . . . . . . . . .  N  NUMB  0013H     A   
TIMER5_IRQN. . . . . . . . . . . . . .  N  NUMB  0014H     A   
TL0. . . . . . . . . . . . . . . . . .  D  ADDR  008AH     A   
TL1. . . . . . . . . . . . . . . . . .  D  ADDR  008BH     A   
TMOD . . . . . . . . . . . . . . . . .  D  ADDR  0089H     A   
TMR2 . . . . . . . . . . . . . . . . .  D  ADDR  00CCH     A   
TMR2CN0. . . . . . . . . . . . . . . .  D  ADDR  00C8H     A   
TMR2CN0_T2CSS. . . . . . . . . . . . .  B  ADDR  00C8H.1   A   
TMR2CN0_T2SPLIT. . . . . . . . . . . .  B  ADDR  00C8H.3   A   
TMR2CN0_T2XCLK . . . . . . . . . . . .  B  ADDR  00C8H.0   A   
TMR2CN0_TF2CEN . . . . . . . . . . . .  B  ADDR  00C8H.4   A   
TMR2CN0_TF2H . . . . . . . . . . . . .  B  ADDR  00C8H.7   A   
TMR2CN0_TF2L . . . . . . . . . . . . .  B  ADDR  00C8H.6   A   
TMR2CN0_TF2LEN . . . . . . . . . . . .  B  ADDR  00C8H.5   A   
AX51 MACRO ASSEMBLER  MYPROJECT_2_MAIN                                                      11/07/25 10:23:57 PAGE    14

TMR2CN0_TR2. . . . . . . . . . . . . .  B  ADDR  00C8H.2   A   
TMR2H. . . . . . . . . . . . . . . . .  D  ADDR  00CDH     A   
TMR2L. . . . . . . . . . . . . . . . .  D  ADDR  00CCH     A   
TMR2RL . . . . . . . . . . . . . . . .  D  ADDR  00CAH     A   
TMR2RLH. . . . . . . . . . . . . . . .  D  ADDR  00CBH     A   
TMR2RLL. . . . . . . . . . . . . . . .  D  ADDR  00CAH     A   
TMR3 . . . . . . . . . . . . . . . . .  D  ADDR  0094H     A   
TMR3CN0. . . . . . . . . . . . . . . .  D  ADDR  0091H     A   
TMR3H. . . . . . . . . . . . . . . . .  D  ADDR  0095H     A   
TMR3L. . . . . . . . . . . . . . . . .  D  ADDR  0094H     A   
TMR3RL . . . . . . . . . . . . . . . .  D  ADDR  0092H     A   
TMR3RLH. . . . . . . . . . . . . . . .  D  ADDR  0093H     A   
TMR3RLL. . . . . . . . . . . . . . . .  D  ADDR  0092H     A   
TMR4 . . . . . . . . . . . . . . . . .  D  ADDR  0094H     A   
TMR4CN0. . . . . . . . . . . . . . . .  D  ADDR  0091H     A   
TMR4H. . . . . . . . . . . . . . . . .  D  ADDR  0095H     A   
TMR4L. . . . . . . . . . . . . . . . .  D  ADDR  0094H     A   
TMR4RL . . . . . . . . . . . . . . . .  D  ADDR  0092H     A   
TMR4RLH. . . . . . . . . . . . . . . .  D  ADDR  0093H     A   
TMR4RLL. . . . . . . . . . . . . . . .  D  ADDR  0092H     A   
TMR5 . . . . . . . . . . . . . . . . .  D  ADDR  00CCH     A   
TMR5CN0. . . . . . . . . . . . . . . .  D  ADDR  00C8H     A   
TMR5CN0_T5SPLIT. . . . . . . . . . . .  B  ADDR  00C8H.3   A   
TMR5CN0_T5XCLK . . . . . . . . . . . .  B  ADDR  00C8H.0   A   
TMR5CN0_TF5H . . . . . . . . . . . . .  B  ADDR  00C8H.7   A   
TMR5CN0_TF5L . . . . . . . . . . . . .  B  ADDR  00C8H.6   A   
TMR5CN0_TF5LEN . . . . . . . . . . . .  B  ADDR  00C8H.5   A   
TMR5CN0_TR5. . . . . . . . . . . . . .  B  ADDR  00C8H.2   A   
TMR5H. . . . . . . . . . . . . . . . .  D  ADDR  00CDH     A   
TMR5L. . . . . . . . . . . . . . . . .  D  ADDR  00CCH     A   
TMR5RL . . . . . . . . . . . . . . . .  D  ADDR  00CAH     A   
TMR5RLH. . . . . . . . . . . . . . . .  D  ADDR  00CBH     A   
TMR5RLL. . . . . . . . . . . . . . . .  D  ADDR  00CAH     A   
UART0_IRQN . . . . . . . . . . . . . .  N  NUMB  0004H     A   
UART1_IRQN . . . . . . . . . . . . . .  N  NUMB  0010H     A   
USB0_IRQN. . . . . . . . . . . . . . .  N  NUMB  0008H     A   
USB0ADR. . . . . . . . . . . . . . . .  D  ADDR  0096H     A   
USB0DAT. . . . . . . . . . . . . . . .  D  ADDR  0097H     A   
USB0XCN. . . . . . . . . . . . . . . .  D  ADDR  00D7H     A   
VBUSLVL_IRQN . . . . . . . . . . . . .  N  NUMB  000FH     A   
VDM0CN . . . . . . . . . . . . . . . .  D  ADDR  00FFH     A   
XBR0 . . . . . . . . . . . . . . . . .  D  ADDR  00E1H     A   
XBR1 . . . . . . . . . . . . . . . . .  D  ADDR  00E2H     A   
XBR2 . . . . . . . . . . . . . . . . .  D  ADDR  00E3H     A   
XOSC0CN. . . . . . . . . . . . . . . .  D  ADDR  00B1H     A   


REGISTER BANK(S) USED: 0 


ASSEMBLY COMPLETE.  0 WARNING(S), 0 ERROR(S).
