13:40:22 **** Build of configuration Keil 8051 v9.60.0 - Debug for project EFM8UB2_ADC_TempSensor_WithoutCompensation ****
make all 
PATH=/home/onachman/SimplicityStudio5/SimplicityStudio_v5/developer/toolchains/keil_8051/9.60/BIN:/home/onachman/SimplicityStudio5/SimplicityStudio_v5/support/8051:/usr/bin:/usr/bin:/home/onachman/bin:/home/onachman/.local/bin:/usr/local/sbin:/usr/local/bin:/usr/sbin:/sbin:/bin:/usr/games:/usr/local/games:/snap/bin:/snap/bin
 
Building file: ../src/EFM8UB2_ADC_TempSensor_WithoutCompensation.c
Invoking: Keil 8051 Compiler
wine "/home/onachman/SimplicityStudio5/SimplicityStudio_v5/developer/toolchains/keil_8051/9.60/BIN/C51" "@src/EFM8UB2_ADC_TempSensor_WithoutCompensation.__i" || test $? -lt 2

C51 COMPILER V9.60.0.0 - SN: K1FVC-D03UZZ
COPYRIGHT Copyright (C) 2012 - 2019 ARM Ltd and ARM Germany GmbH. All rights reserved.

C51 COMPILATION COMPLETE.  0 WARNING(S),  0 ERROR(S)
Finished building: ../src/EFM8UB2_ADC_TempSensor_WithoutCompensation.c
 
Building file: ../src/InitDevice.c
Invoking: Keil 8051 Compiler
wine "/home/onachman/SimplicityStudio5/SimplicityStudio_v5/developer/toolchains/keil_8051/9.60/BIN/C51" "@src/InitDevice.__i" || test $? -lt 2

C51 COMPILER V9.60.0.0 - SN: K1FVC-D03UZZ
COPYRIGHT Copyright (C) 2012 - 2019 ARM Ltd and ARM Germany GmbH. All rights reserved.

C51 COMPILATION COMPLETE.  0 WARNING(S),  0 ERROR(S)
Finished building: ../src/InitDevice.c
 
Building file: ../src/Interrupts.c
Invoking: Keil 8051 Compiler
wine "/home/onachman/SimplicityStudio5/SimplicityStudio_v5/developer/toolchains/keil_8051/9.60/BIN/C51" "@src/Interrupts.__i" || test $? -lt 2

C51 COMPILER V9.60.0.0 - SN: K1FVC-D03UZZ
COPYRIGHT Copyright (C) 2012 - 2019 ARM Ltd and ARM Germany GmbH. All rights reserved.

C51 COMPILATION COMPLETE.  0 WARNING(S),  0 ERROR(S)
Finished building: ../src/Interrupts.c
 
Building file: /home/onachman/SimplicityStudio5/SimplicityStudio_v5/developer/sdks/8051/v4.3.1/Device/shared/si8051Base/SILABS_STARTUP.A51
Invoking: Keil 8051 Assembler
wine "/home/onachman/SimplicityStudio5/SimplicityStudio_v5/developer/toolchains/keil_8051/9.60/BIN/AX51" "@src/SILABS_STARTUP.__ia" || test $? -lt 2

MACRO ASSEMBLER AX51 V3.15.3.0
COPYRIGHT ARM Germany GmbH 2016
"Z:\home\onachman\SimplicityStudio5\SimplicityStudio_v5\developer\toolchains\keil_8051\9.60\BIN\AX51" "/home/onachman/SimplicityStudio5/SimplicityStudio_v5/developer/sdks/8051/v4.3.1/Device/shared/si8051Base/SILABS_STARTUP.A51" ERRORPRINT SET (SMALL,SILABS_STARTUP=1) DEBUG MACRO NOMOD51 INCDIR(/home/onachman/SimplicityStudio5/SimplicityStudio_v5/developer/sdks/8051/v4.3.1//kits/common/drivers/efm8_retargetserial;/home/onachman/SimplicityStudio5/SimplicityStudio_v5/developer/sdks/8051/v4.3.1//Device/shared/si8051Base;/home/onachman/SimplicityStudio5/SimplicityStudio_v5/developer/sdks/8051/v4.3.1//Device/EFM8UB2/inc) PRINT(.\src/SILABS_STARTUP.lst) COND SYMBOLS PAGEWIDTH (120) PAGELENGTH (65) OBJECT(.\src/SILABS_STARTUP.OBJ)

ASSEMBLY COMPLETE.  0 WARNING(S), 0 ERROR(S).
Finished building: /home/onachman/SimplicityStudio5/SimplicityStudio_v5/developer/sdks/8051/v4.3.1/Device/shared/si8051Base/SILABS_STARTUP.A51
 
Building file: /home/onachman/SimplicityStudio5/SimplicityStudio_v5/developer/sdks/8051/v4.3.1/kits/common/drivers/efm8_retargetserial/retargetio.c
Invoking: Keil 8051 Compiler
wine "/home/onachman/SimplicityStudio5/SimplicityStudio_v5/developer/toolchains/keil_8051/9.60/BIN/C51" "@lib/bsp/efm8_retargetserial/retargetio.__i" || test $? -lt 2

C51 COMPILER V9.60.0.0 - SN: K1FVC-D03UZZ
COPYRIGHT Copyright (C) 2012 - 2019 ARM Ltd and ARM Germany GmbH. All rights reserved.

C51 COMPILATION COMPLETE.  0 WARNING(S),  0 ERROR(S)
Finished building: /home/onachman/SimplicityStudio5/SimplicityStudio_v5/developer/sdks/8051/v4.3.1/kits/common/drivers/efm8_retargetserial/retargetio.c
 
Building file: /home/onachman/SimplicityStudio5/SimplicityStudio_v5/developer/sdks/8051/v4.3.1/kits/common/drivers/efm8_retargetserial/retargetserial.c
Invoking: Keil 8051 Compiler
wine "/home/onachman/SimplicityStudio5/SimplicityStudio_v5/developer/toolchains/keil_8051/9.60/BIN/C51" "@lib/bsp/efm8_retargetserial/retargetserial.__i" || test $? -lt 2

C51 COMPILER V9.60.0.0 - SN: K1FVC-D03UZZ
COPYRIGHT Copyright (C) 2012 - 2019 ARM Ltd and ARM Germany GmbH. All rights reserved.

C51 COMPILATION COMPLETE.  0 WARNING(S),  0 ERROR(S)
Finished building: /home/onachman/SimplicityStudio5/SimplicityStudio_v5/developer/sdks/8051/v4.3.1/kits/common/drivers/efm8_retargetserial/retargetserial.c
 
Building target: EFM8UB2_ADC_TempSensor_WithoutCompensation.omf
Invoking: Keil 8051 Linker
wine "/home/onachman/SimplicityStudio5/SimplicityStudio_v5/developer/toolchains/keil_8051/9.60/BIN/LX51" "@EFM8UB2_ADC_TempSensor_WithoutCompensation.lnp" || test $? -lt 2

LX51 LINKER/LOCATER V4.66.97.0 - SN: K1FVC-D03UZZ
COPYRIGHT ARM Germany GmbH 1995 - 2019
@EFM8UB2_ADC_TempSensor_WithoutCompensation.lnp "./lib/bsp/efm8_retargetserial/retargetio.OBJ",
"./lib/bsp/efm8_retargetserial/retargetserial.OBJ",
"./src/EFM8UB2_ADC_TempSensor_WithoutCompensation.OBJ",
"./src/InitDevice.OBJ",
"./src/Interrupts.OBJ",
"./src/SILABS_STARTUP.OBJ"
TO "EFM8UB2_ADC_TEMPSENSOR_WITHOUTCOMPENSATION.OMF.CRBUILD" REMOVEUNUSED PRINT(.\EFM8UB2_ADC_TempSensor_WithoutCompensation.m51) PAGEWIDTH (120) PAGELENGTH (65) CLASSES( ECODE(C:0x0 - C:0xfbfe), HCONST(C:0x0 - C:0xfbfe), XDATA(X:0x0 - X:0xfff), HDATA(X:0x0 - X:0xfff))

Program Size: data=50.2 xdata=0 const=19 code=2078
LX51 RUN COMPLETE.  0 WARNING(S),  0 ERROR(S)
Finished building target: EFM8UB2_ADC_TempSensor_WithoutCompensation.omf

13:40:24 Build Finished. 0 errors, 0 warnings. (took 2s.39ms)

