11:10:16 **** Incremental Build of configuration Keil 8051 v9.53.0 - Debug for project Lab4_Example_2025_2 ****
make all 
PATH=/home/onachman/SimplicityStudio5/SimplicityStudio_v5/developer/toolchains/keil_8051/9.60/BIN:/home/onachman/SimplicityStudio5/SimplicityStudio_v5/support/8051:/usr/bin:/usr/bin:/home/onachman/Siemens/Questa_Student/2024.2/questasim/bin:/home/onachman/bin:/home/onachman/.local/bin:/home/onachman/anaconda3/condabin:/usr/local/sbin:/usr/local/bin:/usr/sbin:/sbin:/bin:/usr/games:/usr/local/games:/snap/bin:/snap/bin:/home/onachman/.lmstudio/bin:/home/onachman/.lmstudio/bin
 
Building file: ../src/main.c
Invoking: Keil 8051 Compiler
wine "/home/onachman/SimplicityStudio5/SimplicityStudio_v5/developer/toolchains/keil_8051/9.60/BIN/C51" "@src/main.__i" || test $? -lt 2

C51 COMPILER V9.60.0.0 - SN: K1FVC-D03UZZ
COPYRIGHT Copyright (C) 2012 - 2019 ARM Ltd and ARM Germany GmbH. All rights reserved.

C51 COMPILATION COMPLETE.  0 WARNING(S),  0 ERROR(S)
Finished building: ../src/main.c
 
Building target: Lab4_Example_2025_2.omf
Invoking: Keil 8051 Linker
wine "/home/onachman/SimplicityStudio5/SimplicityStudio_v5/developer/toolchains/keil_8051/9.60/BIN/LX51" "@Lab4_Example_2025_2.lnp" || test $? -lt 2

LX51 LINKER/LOCATER V4.66.97.0 - SN: K1FVC-D03UZZ
COPYRIGHT ARM Germany GmbH 1995 - 2019
@Lab4_Example_2025_2.lnp "./lib/bsp/efm8_joystick/joystick.OBJ",
"./lib/bsp/efm8_memory_lcd/src/disp.OBJ",
"./lib/bsp/efm8_memory_lcd/src/render.OBJ",
"./lib/bsp/efm8_rgb_led/rgb_led.OBJ",
"./lib/efm8ub2/bsp/efm8_memory_lcd/src/spi.OBJ",
"./lib/efm8ub2/bsp/efm8_memory_lcd/src/tick.OBJ",
"./lib/efm8ub2/peripheralDrivers/src/spi_0.OBJ",
"./src/InitDevice.OBJ",
"./src/SILABS_STARTUP.OBJ",
"./src/main.OBJ"
TO "LAB4_EXAMPLE_2025_2.OMF.CRBUILD" REMOVEUNUSED PRINT(.\Lab4_Example_2025_2.m51) PAGEWIDTH (120) PAGELENGTH (65) CLASSES( ECODE(C:0x0 - C:0xfbfe), HCONST(C:0x0 - C:0xfbfe), XDATA(X:0x0 - X:0xfff), HDATA(X:0x0 - X:0xfff))

Program Size: data=71.5 xdata=20 const=0 code=1481
LX51 RUN COMPLETE.  0 WARNING(S),  0 ERROR(S)
Finished building target: Lab4_Example_2025_2.omf

11:10:18 Build Finished. 0 errors, 0 warnings. (took 1s.587ms)

