11:24:46 **** Incremental Build of configuration Keil 8051 v9.60.0 - Debug for project myProject_6 ****
make all 
PATH=/home/onachman/SimplicityStudio5/SimplicityStudio_v5/developer/toolchains/keil_8051/9.60/BIN:/home/onachman/SimplicityStudio5/SimplicityStudio_v5/support/8051:/usr/bin:/usr/bin:/home/onachman/Siemens/Questa_Student/2024.2/questasim/bin:/home/onachman/bin:/home/onachman/.local/bin:/home/onachman/anaconda3/condabin:/usr/local/sbin:/usr/local/bin:/usr/sbin:/sbin:/bin:/usr/games:/usr/local/games:/snap/bin:/snap/bin:/home/onachman/.lmstudio/bin:/home/onachman/.lmstudio/bin
 
Building file: ../src/InitDevice.c
Invoking: Keil 8051 Compiler
wine "/home/onachman/SimplicityStudio5/SimplicityStudio_v5/developer/toolchains/keil_8051/9.60/BIN/C51" "@src/InitDevice.__i" || test $? -lt 2

C51 COMPILER V9.60.0.0 - SN: K1FVC-D03UZZ
COPYRIGHT Copyright (C) 2012 - 2019 ARM Ltd and ARM Germany GmbH. All rights reserved.

C51 COMPILATION COMPLETE.  0 WARNING(S),  0 ERROR(S)
Finished building: ../src/InitDevice.c
 
Building file: /home/onachman/SimplicityStudio5/SimplicityStudio_v5/developer/sdks/8051/v4.3.1/Device/shared/si8051Base/SILABS_STARTUP.A51
Invoking: Keil 8051 Assembler
wine "/home/onachman/SimplicityStudio5/SimplicityStudio_v5/developer/toolchains/keil_8051/9.60/BIN/AX51" "@src/SILABS_STARTUP.__ia" || test $? -lt 2

MACRO ASSEMBLER AX51 V3.15.3.0
COPYRIGHT ARM Germany GmbH 2016
"Z:\home\onachman\SimplicityStudio5\SimplicityStudio_v5\developer\toolchains\keil_8051\9.60\BIN\AX51" "/home/onachman/SimplicityStudio5/SimplicityStudio_v5/developer/sdks/8051/v4.3.1/Device/shared/si8051Base/SILABS_STARTUP.A51" ERRORPRINT SET (SMALL) DEBUG MACRO NOMOD51 INCDIR(/home/onachman/SimplicityStudio/v5_workspace/myProject_6/inc;/home/onachman/SimplicityStudio5/SimplicityStudio_v5/developer/sdks/8051/v4.3.1//Device/shared/si8051Base;/home/onachman/SimplicityStudio5/SimplicityStudio_v5/developer/sdks/8051/v4.3.1//Device/EFM8UB2/inc) PRINT(.\src/SILABS_STARTUP.lst) COND SYMBOLS PAGEWIDTH (120) PAGELENGTH (65) OBJECT(.\src/SILABS_STARTUP.OBJ)

ASSEMBLY COMPLETE.  0 WARNING(S), 0 ERROR(S).
Finished building: /home/onachman/SimplicityStudio5/SimplicityStudio_v5/developer/sdks/8051/v4.3.1/Device/shared/si8051Base/SILABS_STARTUP.A51
 
Building file: ../src/myProject_main.c
Invoking: Keil 8051 Compiler
wine "/home/onachman/SimplicityStudio5/SimplicityStudio_v5/developer/toolchains/keil_8051/9.60/BIN/C51" "@src/myProject_main.__i" || test $? -lt 2

C51 COMPILER V9.60.0.0 - SN: K1FVC-D03UZZ
COPYRIGHT Copyright (C) 2012 - 2019 ARM Ltd and ARM Germany GmbH. All rights reserved.

C51 COMPILATION COMPLETE.  0 WARNING(S),  0 ERROR(S)
Finished building: ../src/myProject_main.c
 
Building target: myProject_6.omf
Invoking: Keil 8051 Linker
wine "/home/onachman/SimplicityStudio5/SimplicityStudio_v5/developer/toolchains/keil_8051/9.60/BIN/LX51" "@myProject_6.lnp" || test $? -lt 2

LX51 LINKER/LOCATER V4.66.97.0 - SN: K1FVC-D03UZZ
COPYRIGHT ARM Germany GmbH 1995 - 2019
@myProject_6.lnp "./src/InitDevice.OBJ",
"./src/SILABS_STARTUP.OBJ",
"./src/myProject_main.OBJ"
TO "MYPROJECT_6.OMF.CRBUILD" REMOVEUNUSED PRINT(.\myProject_6.m51) PAGEWIDTH (120) PAGELENGTH (65) CLASSES( ECODE(C:0x0 - C:0xfbfe), HCONST(C:0x0 - C:0xfbfe), XDATA(X:0x0 - X:0xfff), HDATA(X:0x0 - X:0xfff))

Program Size: data=10.0 xdata=0 const=0 code=101
LX51 RUN COMPLETE.  0 WARNING(S),  0 ERROR(S)
Finished building target: myProject_6.omf

11:24:48 Build Finished. 0 errors, 0 warnings. (took 1s.793ms)

